This is pdfTeX, Version 3.141592653-2.6-1.40.28 (MiKTeX 25.12) (preloaded format=pdflatex 2026.5.17)  29 JUN 2026 16:40
entering extended mode
 restricted \write18 enabled.
 %&-line parsing enabled.
**./Specification.tex
(Specification.tex
LaTeX2e <2025-11-01>
L3 programming layer <2025-12-24>
(C:\Users\Duck\AppData\Local\Programs\MiKTeX\tex/latex/base\article.cls
Document Class: article 2025/01/22 v1.4n Standard LaTeX document class
(C:\Users\Duck\AppData\Local\Programs\MiKTeX\tex/latex/base\size12.clo
File: size12.clo 2025/01/22 v1.4n Standard LaTeX file (size option)
)
\c@part=\count275
\c@section=\count276
\c@subsection=\count277
\c@subsubsection=\count278
\c@paragraph=\count279
\c@subparagraph=\count280
\c@figure=\count281
\c@table=\count282
\abovecaptionskip=\skip49
\belowcaptionskip=\skip50
\bibindent=\dimen148
)
(C:\Users\Duck\AppData\Local\Programs\MiKTeX\tex/latex/graphics\graphicx.sty
Package: graphicx 2024/12/31 v1.2e Enhanced LaTeX Graphics (DPC,SPQR)

(C:\Users\Duck\AppData\Local\Programs\MiKTeX\tex/latex/graphics\keyval.sty
Package: keyval 2022/05/29 v1.15 key=value parser (DPC)
\KV@toks@=\toks17
)
(C:\Users\Duck\AppData\Local\Programs\MiKTeX\tex/latex/graphics\graphics.sty
Package: graphics 2024/08/06 v1.4g Standard LaTeX Graphics (DPC,SPQR)

(C:\Users\Duck\AppData\Local\Programs\MiKTeX\tex/latex/graphics\trig.sty
Package: trig 2023/12/02 v1.11 sin cos tan (DPC)
)
(C:\Users\Duck\AppData\Local\Programs\MiKTeX\tex/latex/graphics-cfg\graphics.cf
g
File: graphics.cfg 2016/06/04 v1.11 sample graphics configuration
)
Package graphics Info: Driver file: pdftex.def on input line 106.

(C:\Users\Duck\AppData\Local\Programs\MiKTeX\tex/latex/graphics-def\pdftex.def
File: pdftex.def 2025/09/29 v1.2d Graphics/color driver for pdftex
))
\Gin@req@height=\dimen149
\Gin@req@width=\dimen150
) (C:\Users\Duck\AppData\Local\Programs\MiKTeX\tex/latex/base\inputenc.sty
Package: inputenc 2024/02/08 v1.3d Input encoding file
\inpenc@prehook=\toks18
\inpenc@posthook=\toks19
)
(C:\Users\Duck\AppData\Local\Programs\MiKTeX\tex/latex/base\fontenc.sty
Package: fontenc 2025/07/18 v2.1d Standard LaTeX package

(C:\Users\Duck\AppData\Local\Programs\MiKTeX\tex/latex/vntex\t5enc.def
File: t5enc.def 2006/11/21 v1.4 Vietnamese T5 encoding
Now handling font encoding T5 ...
... processing UTF-8 mapping file for font encoding T5

(C:\Users\Duck\AppData\Local\Programs\MiKTeX\tex/latex/vntex\t5enc.dfu
File: t5enc.dfu 2006/08/19 v1.1 UTF8 support for Vietnamese
   defining Unicode char U+00AB (decimal 171)
   defining Unicode char U+00BB (decimal 187)
   defining Unicode char U+00C0 (decimal 192)
   defining Unicode char U+00C1 (decimal 193)
   defining Unicode char U+00C2 (decimal 194)
   defining Unicode char U+00C3 (decimal 195)
   defining Unicode char U+00C8 (decimal 200)
   defining Unicode char U+00C9 (decimal 201)
   defining Unicode char U+00CA (decimal 202)
   defining Unicode char U+00CC (decimal 204)
   defining Unicode char U+00CD (decimal 205)
   defining Unicode char U+00D2 (decimal 210)
   defining Unicode char U+00D3 (decimal 211)
   defining Unicode char U+00D4 (decimal 212)
   defining Unicode char U+00D5 (decimal 213)
   defining Unicode char U+00D9 (decimal 217)
   defining Unicode char U+00DA (decimal 218)
   defining Unicode char U+00DD (decimal 221)
   defining Unicode char U+00E0 (decimal 224)
   defining Unicode char U+00E1 (decimal 225)
   defining Unicode char U+00E2 (decimal 226)
   defining Unicode char U+00E3 (decimal 227)
   defining Unicode char U+00E8 (decimal 232)
   defining Unicode char U+00E9 (decimal 233)
   defining Unicode char U+00EA (decimal 234)
   defining Unicode char U+00EC (decimal 236)
   defining Unicode char U+00ED (decimal 237)
   defining Unicode char U+00F2 (decimal 242)
   defining Unicode char U+00F3 (decimal 243)
   defining Unicode char U+00F4 (decimal 244)
   defining Unicode char U+00F5 (decimal 245)
   defining Unicode char U+00F9 (decimal 249)
   defining Unicode char U+00FA (decimal 250)
   defining Unicode char U+00FD (decimal 253)
   defining Unicode char U+0102 (decimal 258)
   defining Unicode char U+0103 (decimal 259)
   defining Unicode char U+0110 (decimal 272)
   defining Unicode char U+0111 (decimal 273)
   defining Unicode char U+0128 (decimal 296)
   defining Unicode char U+0129 (decimal 297)
   defining Unicode char U+0131 (decimal 305)
   defining Unicode char U+0168 (decimal 360)
   defining Unicode char U+0169 (decimal 361)
   defining Unicode char U+01A0 (decimal 416)
   defining Unicode char U+01A1 (decimal 417)
   defining Unicode char U+01AF (decimal 431)
   defining Unicode char U+01B0 (decimal 432)
   defining Unicode char U+1EA0 (decimal 7840)
   defining Unicode char U+1EA1 (decimal 7841)
   defining Unicode char U+1EA2 (decimal 7842)
   defining Unicode char U+1EA3 (decimal 7843)
   defining Unicode char U+1EA4 (decimal 7844)
   defining Unicode char U+1EA5 (decimal 7845)
   defining Unicode char U+1EA6 (decimal 7846)
   defining Unicode char U+1EA7 (decimal 7847)
   defining Unicode char U+1EA8 (decimal 7848)
   defining Unicode char U+1EA9 (decimal 7849)
   defining Unicode char U+1EAA (decimal 7850)
   defining Unicode char U+1EAB (decimal 7851)
   defining Unicode char U+1EAC (decimal 7852)
   defining Unicode char U+1EAD (decimal 7853)
   defining Unicode char U+1EAE (decimal 7854)
   defining Unicode char U+1EAF (decimal 7855)
   defining Unicode char U+1EB0 (decimal 7856)
   defining Unicode char U+1EB1 (decimal 7857)
   defining Unicode char U+1EB2 (decimal 7858)
   defining Unicode char U+1EB3 (decimal 7859)
   defining Unicode char U+1EB4 (decimal 7860)
   defining Unicode char U+1EB5 (decimal 7861)
   defining Unicode char U+1EB6 (decimal 7862)
   defining Unicode char U+1EB7 (decimal 7863)
   defining Unicode char U+1EB8 (decimal 7864)
   defining Unicode char U+1EB9 (decimal 7865)
   defining Unicode char U+1EBA (decimal 7866)
   defining Unicode char U+1EBB (decimal 7867)
   defining Unicode char U+1EBC (decimal 7868)
   defining Unicode char U+1EBD (decimal 7869)
   defining Unicode char U+1EBE (decimal 7870)
   defining Unicode char U+1EBF (decimal 7871)
   defining Unicode char U+1EC0 (decimal 7872)
   defining Unicode char U+1EC1 (decimal 7873)
   defining Unicode char U+1EC2 (decimal 7874)
   defining Unicode char U+1EC3 (decimal 7875)
   defining Unicode char U+1EC4 (decimal 7876)
   defining Unicode char U+1EC5 (decimal 7877)
   defining Unicode char U+1EC6 (decimal 7878)
   defining Unicode char U+1EC7 (decimal 7879)
   defining Unicode char U+1EC8 (decimal 7880)
   defining Unicode char U+1EC9 (decimal 7881)
   defining Unicode char U+1ECA (decimal 7882)
   defining Unicode char U+1ECB (decimal 7883)
   defining Unicode char U+1ECC (decimal 7884)
   defining Unicode char U+1ECD (decimal 7885)
   defining Unicode char U+1ECE (decimal 7886)
   defining Unicode char U+1ECF (decimal 7887)
   defining Unicode char U+1ED0 (decimal 7888)
   defining Unicode char U+1ED1 (decimal 7889)
   defining Unicode char U+1ED2 (decimal 7890)
   defining Unicode char U+1ED3 (decimal 7891)
   defining Unicode char U+1ED4 (decimal 7892)
   defining Unicode char U+1ED5 (decimal 7893)
   defining Unicode char U+1ED6 (decimal 7894)
   defining Unicode char U+1ED7 (decimal 7895)
   defining Unicode char U+1ED8 (decimal 7896)
   defining Unicode char U+1ED9 (decimal 7897)
   defining Unicode char U+1EDA (decimal 7898)
   defining Unicode char U+1EDB (decimal 7899)
   defining Unicode char U+1EDC (decimal 7900)
   defining Unicode char U+1EDD (decimal 7901)
   defining Unicode char U+1EDE (decimal 7902)
   defining Unicode char U+1EDF (decimal 7903)
   defining Unicode char U+1EE0 (decimal 7904)
   defining Unicode char U+1EE1 (decimal 7905)
   defining Unicode char U+1EE2 (decimal 7906)
   defining Unicode char U+1EE3 (decimal 7907)
   defining Unicode char U+1EE4 (decimal 7908)
   defining Unicode char U+1EE5 (decimal 7909)
   defining Unicode char U+1EE6 (decimal 7910)
   defining Unicode char U+1EE7 (decimal 7911)
   defining Unicode char U+1EE8 (decimal 7912)
   defining Unicode char U+1EE9 (decimal 7913)
   defining Unicode char U+1EEA (decimal 7914)
   defining Unicode char U+1EEB (decimal 7915)
   defining Unicode char U+1EEC (decimal 7916)
   defining Unicode char U+1EED (decimal 7917)
   defining Unicode char U+1EEE (decimal 7918)
   defining Unicode char U+1EEF (decimal 7919)
   defining Unicode char U+1EF0 (decimal 7920)
   defining Unicode char U+1EF1 (decimal 7921)
   defining Unicode char U+1EF2 (decimal 7922)
   defining Unicode char U+1EF3 (decimal 7923)
   defining Unicode char U+1EF4 (decimal 7924)
   defining Unicode char U+1EF5 (decimal 7925)
   defining Unicode char U+1EF6 (decimal 7926)
   defining Unicode char U+1EF7 (decimal 7927)
   defining Unicode char U+1EF8 (decimal 7928)
   defining Unicode char U+1EF9 (decimal 7929)
   defining Unicode char U+200C (decimal 8204)
   defining Unicode char U+2013 (decimal 8211)
   defining Unicode char U+2014 (decimal 8212)
   defining Unicode char U+2018 (decimal 8216)
   defining Unicode char U+2019 (decimal 8217)
   defining Unicode char U+201A (decimal 8218)
   defining Unicode char U+201C (decimal 8220)
   defining Unicode char U+201D (decimal 8221)
   defining Unicode char U+201E (decimal 8222)
   defining Unicode char U+2030 (decimal 8240)
   defining Unicode char U+2031 (decimal 8241)
   defining Unicode char U+2039 (decimal 8249)
   defining Unicode char U+203A (decimal 8250)
   defining Unicode char U+2423 (decimal 9251)
))
LaTeX Font Info:    Trying to load font information for T5+cmr on input line 11
6.

(C:\Users\Duck\AppData\Local\Programs\MiKTeX\tex/latex/vntex\t5cmr.fd
File: t5cmr.fd 1999/05/25 v2.5h Standard LaTeX font definitions
))
(C:\Users\Duck\AppData\Local\Programs\MiKTeX\tex/latex/geometry\geometry.sty
Package: geometry 2026/03/07 v6.0 Page Geometry

(C:\Users\Duck\AppData\Local\Programs\MiKTeX\tex/generic/iftex\ifvtex.sty
Package: ifvtex 2019/10/25 v1.7 ifvtex legacy package. Use iftex instead.

(C:\Users\Duck\AppData\Local\Programs\MiKTeX\tex/generic/iftex\iftex.sty
Package: iftex 2024/12/12 v1.0g TeX engine tests
))
\Gm@cnth=\count283
\Gm@cntv=\count284
\c@Gm@tempcnt=\count285
\Gm@bindingoffset=\dimen151
\Gm@wd@mp=\dimen152
\Gm@odd@mp=\dimen153
\Gm@even@mp=\dimen154
\Gm@layoutwidth=\dimen155
\Gm@layoutheight=\dimen156
\Gm@layouthoffset=\dimen157
\Gm@layoutvoffset=\dimen158
\Gm@dimlist=\toks20

(C:\Users\Duck\AppData\Local\Programs\MiKTeX\tex/latex/geometry\geometry.cfg))
(C:\Users\Duck\AppData\Local\Programs\MiKTeX\tex/latex/fancyhdr\fancyhdr.sty
Package: fancyhdr 2025/02/07 v5.2 Extensive control of page headers and footers

\f@nch@headwidth=\skip51
\f@nch@offset@elh=\skip52
\f@nch@offset@erh=\skip53
\f@nch@offset@olh=\skip54
\f@nch@offset@orh=\skip55
\f@nch@offset@elf=\skip56
\f@nch@offset@erf=\skip57
\f@nch@offset@olf=\skip58
\f@nch@offset@orf=\skip59
\f@nch@height=\skip60
\f@nch@footalignment=\skip61
\f@nch@widthL=\skip62
\f@nch@widthC=\skip63
\f@nch@widthR=\skip64
\@temptokenb=\toks21
)
(C:\Users\Duck\AppData\Local\Programs\MiKTeX\tex/latex/titlesec\titlesec.sty
Package: titlesec 2025/01/04 v2.17 Sectioning titles
\ttl@box=\box53
\beforetitleunit=\skip65
\aftertitleunit=\skip66
\ttl@plus=\dimen159
\ttl@minus=\dimen160
\ttl@toksa=\toks22
\titlewidth=\dimen161
\titlewidthlast=\dimen162
\titlewidthfirst=\dimen163
)
(C:\Users\Duck\AppData\Local\Programs\MiKTeX\tex/latex/tools\array.sty
Package: array 2025/09/25 v2.6n Tabular extension package (FMi)
\col@sep=\dimen164
\ar@mcellbox=\box54
\extrarowheight=\dimen165
\NC@list=\toks23
\extratabsurround=\skip67
\backup@length=\skip68
\ar@cellbox=\box55
)
(C:\Users\Duck\AppData\Local\Programs\MiKTeX\tex/latex/setspace\setspace.sty
Package: setspace 2022/12/04 v6.7b set line spacing
)
(C:\Users\Duck\AppData\Local\Programs\MiKTeX\tex/latex/pgf/frontendlayer\tikz.s
ty
(C:\Users\Duck\AppData\Local\Programs\MiKTeX\tex/latex/pgf/basiclayer\pgf.sty
(C:\Users\Duck\AppData\Local\Programs\MiKTeX\tex/latex/pgf/utilities\pgfrcs.sty

(C:\Users\Duck\AppData\Local\Programs\MiKTeX\tex/generic/pgf/utilities\pgfutil-
common.tex
\pgfutil@everybye=\toks24
\pgfutil@tempdima=\dimen166
\pgfutil@tempdimb=\dimen167
)
(C:\Users\Duck\AppData\Local\Programs\MiKTeX\tex/generic/pgf/utilities\pgfutil-
latex.def
\pgfutil@abb=\box56
)
(C:\Users\Duck\AppData\Local\Programs\MiKTeX\tex/generic/pgf/utilities\pgfrcs.c
ode.tex
(C:\Users\Duck\AppData\Local\Programs\MiKTeX\tex/generic/pgf\pgf.revision.tex)
Package: pgfrcs 2025-08-29 v3.1.11a (3.1.11a)
))
Package: pgf 2025-08-29 v3.1.11a (3.1.11a)

(C:\Users\Duck\AppData\Local\Programs\MiKTeX\tex/latex/pgf/basiclayer\pgfcore.s
ty
(C:\Users\Duck\AppData\Local\Programs\MiKTeX\tex/latex/pgf/systemlayer\pgfsys.s
ty
(C:\Users\Duck\AppData\Local\Programs\MiKTeX\tex/generic/pgf/systemlayer\pgfsys
.code.tex
Package: pgfsys 2025-08-29 v3.1.11a (3.1.11a)

(C:\Users\Duck\AppData\Local\Programs\MiKTeX\tex/generic/pgf/utilities\pgfkeys.
code.tex
\pgfkeys@pathtoks=\toks25
\pgfkeys@temptoks=\toks26

(C:\Users\Duck\AppData\Local\Programs\MiKTeX\tex/generic/pgf/utilities\pgfkeysl
ibraryfiltered.code.tex
\pgfkeys@tmptoks=\toks27
))
\pgf@x=\dimen168
\pgf@y=\dimen169
\pgf@xa=\dimen170
\pgf@ya=\dimen171
\pgf@xb=\dimen172
\pgf@yb=\dimen173
\pgf@xc=\dimen174
\pgf@yc=\dimen175
\pgf@xd=\dimen176
\pgf@yd=\dimen177
\w@pgf@writea=\write3
\r@pgf@reada=\read2
\c@pgf@counta=\count286
\c@pgf@countb=\count287
\c@pgf@countc=\count288
\c@pgf@countd=\count289
\t@pgf@toka=\toks28
\t@pgf@tokb=\toks29
\t@pgf@tokc=\toks30
\pgf@sys@id@count=\count290

(C:\Users\Duck\AppData\Local\Programs\MiKTeX\tex/generic/pgf/systemlayer\pgf.cf
g
File: pgf.cfg 2025-08-29 v3.1.11a (3.1.11a)
)
Driver file for pgf: pgfsys-pdftex.def

(C:\Users\Duck\AppData\Local\Programs\MiKTeX\tex/generic/pgf/systemlayer\pgfsys
-pdftex.def
File: pgfsys-pdftex.def 2025-08-29 v3.1.11a (3.1.11a)

(C:\Users\Duck\AppData\Local\Programs\MiKTeX\tex/generic/pgf/systemlayer\pgfsys
-common-pdf.def
File: pgfsys-common-pdf.def 2025-08-29 v3.1.11a (3.1.11a)
)))
(C:\Users\Duck\AppData\Local\Programs\MiKTeX\tex/generic/pgf/systemlayer\pgfsys
softpath.code.tex
File: pgfsyssoftpath.code.tex 2025-08-29 v3.1.11a (3.1.11a)
\pgfsyssoftpath@smallbuffer@items=\count291
\pgfsyssoftpath@bigbuffer@items=\count292
)
(C:\Users\Duck\AppData\Local\Programs\MiKTeX\tex/generic/pgf/systemlayer\pgfsys
protocol.code.tex
File: pgfsysprotocol.code.tex 2025-08-29 v3.1.11a (3.1.11a)
))
(C:\Users\Duck\AppData\Local\Programs\MiKTeX\tex/latex/xcolor\xcolor.sty
Package: xcolor 2024/09/29 v3.02 LaTeX color extensions (UK)

(C:\Users\Duck\AppData\Local\Programs\MiKTeX\tex/latex/graphics-cfg\color.cfg
File: color.cfg 2016/01/02 v1.6 sample color configuration
)
Package xcolor Info: Driver file: pdftex.def on input line 274.

(C:\Users\Duck\AppData\Local\Programs\MiKTeX\tex/latex/graphics\mathcolor.ltx)
Package xcolor Info: Model `cmy' substituted by `cmy0' on input line 1349.
Package xcolor Info: Model `hsb' substituted by `rgb' on input line 1353.
Package xcolor Info: Model `RGB' extended on input line 1365.
Package xcolor Info: Model `HTML' substituted by `rgb' on input line 1367.
Package xcolor Info: Model `Hsb' substituted by `hsb' on input line 1368.
Package xcolor Info: Model `tHsb' substituted by `hsb' on input line 1369.
Package xcolor Info: Model `HSB' substituted by `hsb' on input line 1370.
Package xcolor Info: Model `Gray' substituted by `gray' on input line 1371.
Package xcolor Info: Model `wave' substituted by `hsb' on input line 1372.
)
(C:\Users\Duck\AppData\Local\Programs\MiKTeX\tex/generic/pgf/basiclayer\pgfcore
.code.tex
Package: pgfcore 2025-08-29 v3.1.11a (3.1.11a)

(C:\Users\Duck\AppData\Local\Programs\MiKTeX\tex/generic/pgf/math\pgfmath.code.
tex
(C:\Users\Duck\AppData\Local\Programs\MiKTeX\tex/generic/pgf/math\pgfmathutil.c
ode.tex)
(C:\Users\Duck\AppData\Local\Programs\MiKTeX\tex/generic/pgf/math\pgfmathparser
.code.tex
\pgfmath@dimen=\dimen178
\pgfmath@count=\count293
\pgfmath@box=\box57
\pgfmath@toks=\toks31
\pgfmath@stack@operand=\toks32
\pgfmath@stack@operation=\toks33
)
(C:\Users\Duck\AppData\Local\Programs\MiKTeX\tex/generic/pgf/math\pgfmathfuncti
ons.code.tex)
(C:\Users\Duck\AppData\Local\Programs\MiKTeX\tex/generic/pgf/math\pgfmathfuncti
ons.basic.code.tex)
(C:\Users\Duck\AppData\Local\Programs\MiKTeX\tex/generic/pgf/math\pgfmathfuncti
ons.trigonometric.code.tex)
(C:\Users\Duck\AppData\Local\Programs\MiKTeX\tex/generic/pgf/math\pgfmathfuncti
ons.random.code.tex)
(C:\Users\Duck\AppData\Local\Programs\MiKTeX\tex/generic/pgf/math\pgfmathfuncti
ons.comparison.code.tex)
(C:\Users\Duck\AppData\Local\Programs\MiKTeX\tex/generic/pgf/math\pgfmathfuncti
ons.base.code.tex)
(C:\Users\Duck\AppData\Local\Programs\MiKTeX\tex/generic/pgf/math\pgfmathfuncti
ons.round.code.tex)
(C:\Users\Duck\AppData\Local\Programs\MiKTeX\tex/generic/pgf/math\pgfmathfuncti
ons.misc.code.tex)
(C:\Users\Duck\AppData\Local\Programs\MiKTeX\tex/generic/pgf/math\pgfmathfuncti
ons.integerarithmetics.code.tex)
(C:\Users\Duck\AppData\Local\Programs\MiKTeX\tex/generic/pgf/math\pgfmathcalc.c
ode.tex)
(C:\Users\Duck\AppData\Local\Programs\MiKTeX\tex/generic/pgf/math\pgfmathfloat.
code.tex
\c@pgfmathroundto@lastzeros=\count294
))
(C:\Users\Duck\AppData\Local\Programs\MiKTeX\tex/generic/pgf/math\pgfint.code.t
ex)
(C:\Users\Duck\AppData\Local\Programs\MiKTeX\tex/generic/pgf/basiclayer\pgfcore
points.code.tex
File: pgfcorepoints.code.tex 2025-08-29 v3.1.11a (3.1.11a)
\pgf@picminx=\dimen179
\pgf@picmaxx=\dimen180
\pgf@picminy=\dimen181
\pgf@picmaxy=\dimen182
\pgf@pathminx=\dimen183
\pgf@pathmaxx=\dimen184
\pgf@pathminy=\dimen185
\pgf@pathmaxy=\dimen186
\pgf@xx=\dimen187
\pgf@xy=\dimen188
\pgf@yx=\dimen189
\pgf@yy=\dimen190
\pgf@zx=\dimen191
\pgf@zy=\dimen192
)
(C:\Users\Duck\AppData\Local\Programs\MiKTeX\tex/generic/pgf/basiclayer\pgfcore
pathconstruct.code.tex
File: pgfcorepathconstruct.code.tex 2025-08-29 v3.1.11a (3.1.11a)
\pgf@path@lastx=\dimen193
\pgf@path@lasty=\dimen194
)
(C:\Users\Duck\AppData\Local\Programs\MiKTeX\tex/generic/pgf/basiclayer\pgfcore
pathusage.code.tex
File: pgfcorepathusage.code.tex 2025-08-29 v3.1.11a (3.1.11a)
\pgf@shorten@end@additional=\dimen195
\pgf@shorten@start@additional=\dimen196
)
(C:\Users\Duck\AppData\Local\Programs\MiKTeX\tex/generic/pgf/basiclayer\pgfcore
scopes.code.tex
File: pgfcorescopes.code.tex 2025-08-29 v3.1.11a (3.1.11a)
\pgfpic=\box58
\pgf@hbox=\box59
\pgf@layerbox@main=\box60
\pgf@picture@serial@count=\count295
)
(C:\Users\Duck\AppData\Local\Programs\MiKTeX\tex/generic/pgf/basiclayer\pgfcore
graphicstate.code.tex
File: pgfcoregraphicstate.code.tex 2025-08-29 v3.1.11a (3.1.11a)
\pgflinewidth=\dimen197
)
(C:\Users\Duck\AppData\Local\Programs\MiKTeX\tex/generic/pgf/basiclayer\pgfcore
transformations.code.tex
File: pgfcoretransformations.code.tex 2025-08-29 v3.1.11a (3.1.11a)
\pgf@pt@x=\dimen198
\pgf@pt@y=\dimen199
\pgf@pt@temp=\dimen256
)
(C:\Users\Duck\AppData\Local\Programs\MiKTeX\tex/generic/pgf/basiclayer\pgfcore
quick.code.tex
File: pgfcorequick.code.tex 2025-08-29 v3.1.11a (3.1.11a)
)
(C:\Users\Duck\AppData\Local\Programs\MiKTeX\tex/generic/pgf/basiclayer\pgfcore
objects.code.tex
File: pgfcoreobjects.code.tex 2025-08-29 v3.1.11a (3.1.11a)
)
(C:\Users\Duck\AppData\Local\Programs\MiKTeX\tex/generic/pgf/basiclayer\pgfcore
pathprocessing.code.tex
File: pgfcorepathprocessing.code.tex 2025-08-29 v3.1.11a (3.1.11a)
)
(C:\Users\Duck\AppData\Local\Programs\MiKTeX\tex/generic/pgf/basiclayer\pgfcore
arrows.code.tex
File: pgfcorearrows.code.tex 2025-08-29 v3.1.11a (3.1.11a)
\pgfarrowsep=\dimen257
)
(C:\Users\Duck\AppData\Local\Programs\MiKTeX\tex/generic/pgf/basiclayer\pgfcore
shade.code.tex
File: pgfcoreshade.code.tex 2025-08-29 v3.1.11a (3.1.11a)
\pgf@max=\dimen258
\pgf@sys@shading@range@num=\count296
\pgf@shadingcount=\count297
)
(C:\Users\Duck\AppData\Local\Programs\MiKTeX\tex/generic/pgf/basiclayer\pgfcore
image.code.tex
File: pgfcoreimage.code.tex 2025-08-29 v3.1.11a (3.1.11a)
)
(C:\Users\Duck\AppData\Local\Programs\MiKTeX\tex/generic/pgf/basiclayer\pgfcore
external.code.tex
File: pgfcoreexternal.code.tex 2025-08-29 v3.1.11a (3.1.11a)
\pgfexternal@startupbox=\box61
)
(C:\Users\Duck\AppData\Local\Programs\MiKTeX\tex/generic/pgf/basiclayer\pgfcore
layers.code.tex
File: pgfcorelayers.code.tex 2025-08-29 v3.1.11a (3.1.11a)
)
(C:\Users\Duck\AppData\Local\Programs\MiKTeX\tex/generic/pgf/basiclayer\pgfcore
transparency.code.tex
File: pgfcoretransparency.code.tex 2025-08-29 v3.1.11a (3.1.11a)
)
(C:\Users\Duck\AppData\Local\Programs\MiKTeX\tex/generic/pgf/basiclayer\pgfcore
patterns.code.tex
File: pgfcorepatterns.code.tex 2025-08-29 v3.1.11a (3.1.11a)
)
(C:\Users\Duck\AppData\Local\Programs\MiKTeX\tex/generic/pgf/basiclayer\pgfcore
rdf.code.tex
File: pgfcorerdf.code.tex 2025-08-29 v3.1.11a (3.1.11a)
)))
(C:\Users\Duck\AppData\Local\Programs\MiKTeX\tex/generic/pgf/modules\pgfmodules
hapes.code.tex
File: pgfmoduleshapes.code.tex 2025-08-29 v3.1.11a (3.1.11a)
\pgfnodeparttextbox=\box62
)
(C:\Users\Duck\AppData\Local\Programs\MiKTeX\tex/generic/pgf/modules\pgfmodulep
lot.code.tex
File: pgfmoduleplot.code.tex 2025-08-29 v3.1.11a (3.1.11a)
)
(C:\Users\Duck\AppData\Local\Programs\MiKTeX\tex/latex/pgf/compatibility\pgfcom
p-version-0-65.sty
Package: pgfcomp-version-0-65 2025-08-29 v3.1.11a (3.1.11a)
\pgf@nodesepstart=\dimen259
\pgf@nodesepend=\dimen260
)
(C:\Users\Duck\AppData\Local\Programs\MiKTeX\tex/latex/pgf/compatibility\pgfcom
p-version-1-18.sty
Package: pgfcomp-version-1-18 2025-08-29 v3.1.11a (3.1.11a)
))
(C:\Users\Duck\AppData\Local\Programs\MiKTeX\tex/latex/pgf/utilities\pgffor.sty

(C:\Users\Duck\AppData\Local\Programs\MiKTeX\tex/latex/pgf/utilities\pgfkeys.st
y
(C:\Users\Duck\AppData\Local\Programs\MiKTeX\tex/generic/pgf/utilities\pgfkeys.
code.tex))
(C:\Users\Duck\AppData\Local\Programs\MiKTeX\tex/latex/pgf/math\pgfmath.sty
(C:\Users\Duck\AppData\Local\Programs\MiKTeX\tex/generic/pgf/math\pgfmath.code.
tex))
(C:\Users\Duck\AppData\Local\Programs\MiKTeX\tex/generic/pgf/utilities\pgffor.c
ode.tex
Package: pgffor 2025-08-29 v3.1.11a (3.1.11a)
\pgffor@iter=\dimen261
\pgffor@skip=\dimen262
\pgffor@stack=\toks34
\pgffor@toks=\toks35
))
(C:\Users\Duck\AppData\Local\Programs\MiKTeX\tex/generic/pgf/frontendlayer/tikz
\tikz.code.tex
Package: tikz 2025-08-29 v3.1.11a (3.1.11a)

(C:\Users\Duck\AppData\Local\Programs\MiKTeX\tex/generic/pgf/libraries\pgflibra
ryplothandlers.code.tex
File: pgflibraryplothandlers.code.tex 2025-08-29 v3.1.11a (3.1.11a)
\pgf@plot@mark@count=\count298
\pgfplotmarksize=\dimen263
)
\tikz@lastx=\dimen264
\tikz@lasty=\dimen265
\tikz@lastxsaved=\dimen266
\tikz@lastysaved=\dimen267
\tikz@lastmovetox=\dimen268
\tikz@lastmovetoy=\dimen269
\tikzleveldistance=\dimen270
\tikzsiblingdistance=\dimen271
\tikz@figbox=\box63
\tikz@figbox@bg=\box64
\tikz@tempbox=\box65
\tikz@tempbox@bg=\box66
\tikztreelevel=\count299
\tikznumberofchildren=\count300
\tikznumberofcurrentchild=\count301
\tikz@fig@count=\count302

(C:\Users\Duck\AppData\Local\Programs\MiKTeX\tex/generic/pgf/modules\pgfmodulem
atrix.code.tex
File: pgfmodulematrix.code.tex 2025-08-29 v3.1.11a (3.1.11a)
\pgfmatrixcurrentrow=\count303
\pgfmatrixcurrentcolumn=\count304
\pgf@matrix@numberofcolumns=\count305
)
\tikz@expandcount=\count306

(C:\Users\Duck\AppData\Local\Programs\MiKTeX\tex/generic/pgf/frontendlayer/tikz
/libraries\tikzlibrarytopaths.code.tex
File: tikzlibrarytopaths.code.tex 2025-08-29 v3.1.11a (3.1.11a)
)))
(C:\Users\Duck\AppData\Local\Programs\MiKTeX\tex/generic/pgf/frontendlayer/tikz
/libraries\tikzlibrarypositioning.code.tex
File: tikzlibrarypositioning.code.tex 2025-08-29 v3.1.11a (3.1.11a)
)
(C:\Users\Duck\AppData\Local\Programs\MiKTeX\tex/generic/pgf/libraries\pgflibra
ryarrows.meta.code.tex
File: pgflibraryarrows.meta.code.tex 2025-08-29 v3.1.11a (3.1.11a)
\pgfarrowinset=\dimen272
\pgfarrowlength=\dimen273
\pgfarrowwidth=\dimen274
\pgfarrowlinewidth=\dimen275
)
(C:\Users\Duck\AppData\Local\Programs\MiKTeX\tex/generic/pgf/frontendlayer/tikz
/libraries\tikzlibraryfit.code.tex
File: tikzlibraryfit.code.tex 2025-08-29 v3.1.11a (3.1.11a)
)
(C:\Users\Duck\AppData\Local\Programs\MiKTeX\tex/latex/hyperref\hyperref.sty
Package: hyperref 2025-07-12 v7.01o Hypertext links for LaTeX

(C:\Users\Duck\AppData\Local\Programs\MiKTeX\tex/latex/kvsetkeys\kvsetkeys.sty
Package: kvsetkeys 2022-10-05 v1.19 Key value parser (HO)
)
(C:\Users\Duck\AppData\Local\Programs\MiKTeX\tex/generic/kvdefinekeys\kvdefinek
eys.sty
Package: kvdefinekeys 2019-12-19 v1.6 Define keys (HO)
)
(C:\Users\Duck\AppData\Local\Programs\MiKTeX\tex/generic/pdfescape\pdfescape.st
y
Package: pdfescape 2019/12/09 v1.15 Implements pdfTeX's escape features (HO)
 (C:\Users\Duck\AppData\Local\Programs\MiKTeX\tex/generic/ltxcmds\ltxcmds.sty
Package: ltxcmds 2023-12-04 v1.26 LaTeX kernel commands for general use (HO)
)
(C:\Users\Duck\AppData\Local\Programs\MiKTeX\tex/generic/pdftexcmds\pdftexcmds.
sty
Package: pdftexcmds 2020-06-27 v0.33 Utility functions of pdfTeX for LuaTeX (HO
)

(C:\Users\Duck\AppData\Local\Programs\MiKTeX\tex/generic/infwarerr\infwarerr.st
y
Package: infwarerr 2019/12/03 v1.5 Providing info/warning/error messages (HO)
)
Package pdftexcmds Info: \pdf@primitive is available.
Package pdftexcmds Info: \pdf@ifprimitive is available.
Package pdftexcmds Info: \pdfdraftmode found.
)) (C:\Users\Duck\AppData\Local\Programs\MiKTeX\tex/latex/hycolor\hycolor.sty
Package: hycolor 2020-01-27 v1.10 Color options for hyperref/bookmark (HO)
) (C:\Users\Duck\AppData\Local\Programs\MiKTeX\tex/latex/hyperref\nameref.sty
Package: nameref 2025-06-21 v2.57 Cross-referencing by name of section

(C:\Users\Duck\AppData\Local\Programs\MiKTeX\tex/latex/refcount\refcount.sty
Package: refcount 2019/12/15 v3.6 Data extraction from label references (HO)
)
(C:\Users\Duck\AppData\Local\Programs\MiKTeX\tex/generic/gettitlestring\gettitl
estring.sty
Package: gettitlestring 2019/12/15 v1.6 Cleanup title references (HO)

(C:\Users\Duck\AppData\Local\Programs\MiKTeX\tex/latex/kvoptions\kvoptions.sty
Package: kvoptions 2022-06-15 v3.15 Key value format for package options (HO)
))
\c@section@level=\count307
) (C:\Users\Duck\AppData\Local\Programs\MiKTeX\tex/latex/etoolbox\etoolbox.sty
Package: etoolbox 2025/10/02 v2.5m e-TeX tools for LaTeX (JAW)
\etb@tempcnta=\count308
)
(C:\Users\Duck\AppData\Local\Programs\MiKTeX\tex/generic/stringenc\stringenc.st
y
Package: stringenc 2019/11/29 v1.12 Convert strings between diff. encodings (HO
)
)
\@linkdim=\dimen276
\Hy@linkcounter=\count309
\Hy@pagecounter=\count310
 (C:\Users\Duck\AppData\Local\Programs\MiKTeX\tex/latex/hyperref\pd1enc.def
File: pd1enc.def 2025-07-12 v7.01o Hyperref: PDFDocEncoding definition (HO)
Now handling font encoding PD1 ...
... no UTF-8 mapping file for font encoding PD1
)
(C:\Users\Duck\AppData\Local\Programs\MiKTeX\tex/generic/intcalc\intcalc.sty
Package: intcalc 2019/12/15 v1.3 Expandable calculations with integers (HO)
)
\Hy@SavedSpaceFactor=\count311

(C:\Users\Duck\AppData\Local\Programs\MiKTeX\tex/latex/hyperref\puenc.def
File: puenc.def 2025-07-12 v7.01o Hyperref: PDF Unicode definition (HO)
Now handling font encoding PU ...
... no UTF-8 mapping file for font encoding PU
)
Package hyperref Info: Hyper figures OFF on input line 4195.
Package hyperref Info: Link nesting OFF on input line 4200.
Package hyperref Info: Hyper index ON on input line 4203.
Package hyperref Info: Plain pages OFF on input line 4210.
Package hyperref Info: Backreferencing OFF on input line 4215.
Package hyperref Info: Implicit mode ON; LaTeX internals redefined.
Package hyperref Info: Bookmarks ON on input line 4462.
\c@Hy@tempcnt=\count312

(C:\Users\Duck\AppData\Local\Programs\MiKTeX\tex/latex/url\url.sty
\Urlmuskip=\muskip17
Package: url 2013/09/16  ver 3.4  Verb mode for urls, etc.
)
LaTeX Info: Redefining \url on input line 4801.
\XeTeXLinkMargin=\dimen277

(C:\Users\Duck\AppData\Local\Programs\MiKTeX\tex/generic/bitset\bitset.sty
Package: bitset 2019/12/09 v1.3 Handle bit-vector datatype (HO)

(C:\Users\Duck\AppData\Local\Programs\MiKTeX\tex/generic/bigintcalc\bigintcalc.
sty
Package: bigintcalc 2019/12/15 v1.5 Expandable calculations on big integers (HO
)
))
\Fld@menulength=\count313
\Field@Width=\dimen278
\Fld@charsize=\dimen279
Package hyperref Info: Hyper figures OFF on input line 6078.
Package hyperref Info: Link nesting OFF on input line 6083.
Package hyperref Info: Hyper index ON on input line 6086.
Package hyperref Info: backreferencing OFF on input line 6093.
Package hyperref Info: Link coloring OFF on input line 6098.
Package hyperref Info: Link coloring with OCG OFF on input line 6103.
Package hyperref Info: PDF/A mode OFF on input line 6108.
\Hy@abspage=\count314
\c@Item=\count315
\c@Hfootnote=\count316
)
Package hyperref Info: Driver (autodetected): hpdftex.

(C:\Users\Duck\AppData\Local\Programs\MiKTeX\tex/latex/hyperref\hpdftex.def
File: hpdftex.def 2025-07-12 v7.01o Hyperref driver for pdfTeX
\Fld@listcount=\count317
\c@bookmark@seq@number=\count318

(C:\Users\Duck\AppData\Local\Programs\MiKTeX\tex/latex/rerunfilecheck\rerunfile
check.sty
Package: rerunfilecheck 2025-06-21 v1.11 Rerun checks for auxiliary files (HO)

(C:\Users\Duck\AppData\Local\Programs\MiKTeX\tex/generic/uniquecounter\uniqueco
unter.sty
Package: uniquecounter 2019/12/15 v1.4 Provide unlimited unique counter (HO)
)
Package uniquecounter Info: New unique counter `rerunfilecheck' on input line 2
84.
)
\Hy@SectionHShift=\skip69
)
(C:\Users\Duck\AppData\Local\Programs\MiKTeX\tex/latex/tocloft\tocloft.sty
Package: tocloft 2017/08/31 v2.3i parameterised ToC, etc., typesetting
Package tocloft Info: The document has section divisions on input line 51.
\cftparskip=\skip70
\cftbeforetoctitleskip=\skip71
\cftaftertoctitleskip=\skip72
\cftbeforepartskip=\skip73
\cftpartnumwidth=\skip74
\cftpartindent=\skip75
\cftbeforesecskip=\skip76
\cftsecindent=\skip77
\cftsecnumwidth=\skip78
\cftbeforesubsecskip=\skip79
\cftsubsecindent=\skip80
\cftsubsecnumwidth=\skip81
\cftbeforesubsubsecskip=\skip82
\cftsubsubsecindent=\skip83
\cftsubsubsecnumwidth=\skip84
\cftbeforeparaskip=\skip85
\cftparaindent=\skip86
\cftparanumwidth=\skip87
\cftbeforesubparaskip=\skip88
\cftsubparaindent=\skip89
\cftsubparanumwidth=\skip90
\cftbeforeloftitleskip=\skip91
\cftafterloftitleskip=\skip92
\cftbeforefigskip=\skip93
\cftfigindent=\skip94
\cftfignumwidth=\skip95
\c@lofdepth=\count319
\c@lotdepth=\count320
\cftbeforelottitleskip=\skip96
\cftafterlottitleskip=\skip97
\cftbeforetabskip=\skip98
\cfttabindent=\skip99
\cfttabnumwidth=\skip100
)
(C:\Users\Duck\AppData\Local\Programs\MiKTeX\tex/latex/float\float.sty
Package: float 2001/11/08 v1.3d Float enhancements (AL)
\c@float@type=\count321
\float@exts=\toks36
\float@box=\box67
\@float@everytoks=\toks37
\@floatcapt=\box68
)
(C:\Users\Duck\AppData\Local\Programs\MiKTeX\tex/latex/makecell\makecell.sty
Package: makecell 2009/08/03 V0.1e Managing of Tab Column Heads and Cells
\rotheadsize=\dimen280
\c@nlinenum=\count322
\TeXr@lab=\toks38
)
(C:\Users\Duck\AppData\Local\Programs\MiKTeX\tex/latex/tools\tabularx.sty
Package: tabularx 2023/12/11 v2.12a `tabularx' package (DPC)
\TX@col@width=\dimen281
\TX@old@table=\dimen282
\TX@old@col=\dimen283
\TX@target=\dimen284
\TX@delta=\dimen285
\TX@cols=\count323
\TX@ftn=\toks39
)
(C:\Users\Duck\AppData\Local\Programs\MiKTeX\tex/latex/amsmath\amsmath.sty
Package: amsmath 2025/07/09 v2.17z AMS math features
\@mathmargin=\skip101

For additional information on amsmath, use the `?' option.
(C:\Users\Duck\AppData\Local\Programs\MiKTeX\tex/latex/amsmath\amstext.sty
Package: amstext 2024/11/17 v2.01 AMS text

(C:\Users\Duck\AppData\Local\Programs\MiKTeX\tex/latex/amsmath\amsgen.sty
File: amsgen.sty 1999/11/30 v2.0 generic functions
\@emptytoks=\toks40
\ex@=\dimen286
))
(C:\Users\Duck\AppData\Local\Programs\MiKTeX\tex/latex/amsmath\amsbsy.sty
Package: amsbsy 1999/11/29 v1.2d Bold Symbols
\pmbraise@=\dimen287
)
(C:\Users\Duck\AppData\Local\Programs\MiKTeX\tex/latex/amsmath\amsopn.sty
Package: amsopn 2022/04/08 v2.04 operator names
)
\inf@bad=\count324
LaTeX Info: Redefining \frac on input line 233.
\uproot@=\count325
\leftroot@=\count326
LaTeX Info: Redefining \overline on input line 398.
LaTeX Info: Redefining \colon on input line 409.
\classnum@=\count327
\DOTSCASE@=\count328
LaTeX Info: Redefining \ldots on input line 495.
LaTeX Info: Redefining \dots on input line 498.
LaTeX Info: Redefining \cdots on input line 619.
\Mathstrutbox@=\box69
\strutbox@=\box70
LaTeX Info: Redefining \big on input line 721.
LaTeX Info: Redefining \Big on input line 722.
LaTeX Info: Redefining \bigg on input line 723.
LaTeX Info: Redefining \Bigg on input line 724.
\big@size=\dimen288
LaTeX Font Info:    Redeclaring font encoding OML on input line 742.
LaTeX Font Info:    Redeclaring font encoding OMS on input line 743.
\macc@depth=\count329
LaTeX Info: Redefining \bmod on input line 904.
LaTeX Info: Redefining \pmod on input line 909.
LaTeX Info: Redefining \smash on input line 939.
LaTeX Info: Redefining \relbar on input line 969.
LaTeX Info: Redefining \Relbar on input line 970.
\c@MaxMatrixCols=\count330
\dotsspace@=\muskip18
\c@parentequation=\count331
\dspbrk@lvl=\count332
\tag@help=\toks41
\row@=\count333
\column@=\count334
\maxfields@=\count335
\andhelp@=\toks42
\eqnshift@=\dimen289
\alignsep@=\dimen290
\tagshift@=\dimen291
\tagwidth@=\dimen292
\totwidth@=\dimen293
\lineht@=\dimen294
\@envbody=\toks43
\multlinegap=\skip102
\multlinetaggap=\skip103
\mathdisplay@stack=\toks44
LaTeX Info: Redefining \[ on input line 2950.
LaTeX Info: Redefining \] on input line 2951.
)
(C:\Users\Duck\AppData\Local\Programs\MiKTeX\tex/latex/caption\caption.sty
Package: caption 2023/08/05 v3.6o Customizing captions (AR)

(C:\Users\Duck\AppData\Local\Programs\MiKTeX\tex/latex/caption\caption3.sty
Package: caption3 2023/07/31 v2.4d caption3 kernel (AR)
\caption@tempdima=\dimen295
\captionmargin=\dimen296
\caption@leftmargin=\dimen297
\caption@rightmargin=\dimen298
\caption@width=\dimen299
\caption@indent=\dimen300
\caption@parindent=\dimen301
\caption@hangindent=\dimen302
Package caption Info: Standard document class detected.
)
\c@caption@flags=\count336
\c@continuedfloat=\count337
Package caption Info: float package is loaded.
Package caption Info: hyperref package is loaded.
)
(C:\Users\Duck\AppData\Local\Programs\MiKTeX\tex/latex/placeins\placeins.sty
Package: placeins 2005/04/18  v 2.2
)
(C:\Users\Duck\AppData\Local\Programs\MiKTeX\tex/latex/graphics\rotating.sty
Package: rotating 2025/01/14 v2.16e rotated objects in LaTeX

(C:\Users\Duck\AppData\Local\Programs\MiKTeX\tex/latex/base\ifthen.sty
Package: ifthen 2024/03/16 v1.1e Standard LaTeX ifthen package (DPC)
)
\c@r@tfl@t=\count338
\rotFPtop=\skip104
\rotFPbot=\skip105
\rot@float@box=\box71
\rot@mess@toks=\toks45
)
(C:\Users\Duck\AppData\Local\Programs\MiKTeX\tex/latex/tools\longtable.sty
Package: longtable 2025-10-13 v4.24 Multi-page Table package (DPC)
\LTleft=\skip106
\LTright=\skip107
\LTpre=\skip108
\LTpost=\skip109
\LTchunksize=\count339
\LTcapwidth=\dimen303
\LT@head=\box72
\LT@firsthead=\box73
\LT@foot=\box74
\LT@lastfoot=\box75
\LT@gbox=\box76
\LT@cols=\count340
\LT@rows=\count341
\c@LT@tables=\count342
\c@LT@chunks=\count343
\LT@p@ftn=\toks46
)
(C:\Users\Duck\AppData\Local\Programs\MiKTeX\tex/latex/ragged2e\ragged2e.sty
Package: ragged2e 2023/06/22 v3.6 ragged2e Package
\CenteringLeftskip=\skip110
\RaggedLeftLeftskip=\skip111
\RaggedRightLeftskip=\skip112
\CenteringRightskip=\skip113
\RaggedLeftRightskip=\skip114
\RaggedRightRightskip=\skip115
\CenteringParfillskip=\skip116
\RaggedLeftParfillskip=\skip117
\RaggedRightParfillskip=\skip118
\JustifyingParfillskip=\skip119
\CenteringParindent=\skip120
\RaggedLeftParindent=\skip121
\RaggedRightParindent=\skip122
\JustifyingParindent=\skip123
)
(C:\Users\Duck\AppData\Local\Programs\MiKTeX\tex/latex/enumitem\enumitem.sty
Package: enumitem 2025/02/06 v3.11 Customized lists
\labelindent=\skip124
\enit@outerparindent=\dimen304
\enit@toks=\toks47
\enit@inbox=\box77
\enit@count@id=\count344
\enitdp@description=\count345
)
(C:\Users\Duck\AppData\Local\Programs\MiKTeX\tex/latex/caption\subcaption.sty
Package: subcaption 2023/07/28 v1.6b Sub-captions (AR)
Package caption Info: New subtype `subfigure' on input line 238.
\c@subfigure=\count346
Package caption Info: New subtype `subtable' on input line 238.
\c@subtable=\count347
)
(C:\Users\Duck\AppData\Local\Programs\MiKTeX\tex/latex/tools\indentfirst.sty
Package: indentfirst 2023/07/02 v1.03 Indent first paragraph (DPC)
)
(C:\Users\Duck\AppData\Local\Programs\MiKTeX\tex/latex/grffile\grffile.sty
Package: grffile 2019/11/11 v2.1 Extended file name support for graphics (legac
y)
Package grffile Info: This package is an empty stub for compatibility on input 
line 40.
)
(C:\Users\Duck\AppData\Local\Programs\MiKTeX\tex/latex/booktabs\booktabs.sty
Package: booktabs 2020/01/12 v1.61803398 Publication quality tables
\heavyrulewidth=\dimen305
\lightrulewidth=\dimen306
\cmidrulewidth=\dimen307
\belowrulesep=\dimen308
\belowbottomsep=\dimen309
\aboverulesep=\dimen310
\abovetopsep=\dimen311
\cmidrulesep=\dimen312
\cmidrulekern=\dimen313
\defaultaddspace=\dimen314
\@cmidla=\count348
\@cmidlb=\count349
\@aboverulesep=\dimen315
\@belowrulesep=\dimen316
\@thisruleclass=\count350
\@lastruleclass=\count351
\@thisrulewidth=\dimen317
)
(C:\Users\Duck\AppData\Local\Programs\MiKTeX\tex/latex/tools\verbatim.sty
Package: verbatim 2024-01-22 v1.5x LaTeX2e package for verbatim enhancements
\every@verbatim=\toks48
\verbatim@line=\toks49
\verbatim@in@stream=\read3
)
Package hyperref Info: Option `colorlinks' set `true' on input line 38.

(C:\Users\Duck\AppData\Local\Programs\MiKTeX\tex/latex/l3backend\l3backend-pdft
ex.def
File: l3backend-pdftex.def 2025-10-09 L3 backend support: PDF output (pdfTeX)
\l__color_backend_stack_int=\count352
) (Specification.aux)
\openout1 = `Specification.aux'.

LaTeX Font Info:    Checking defaults for OML/cmm/m/it on input line 87.
LaTeX Font Info:    ... okay on input line 87.
LaTeX Font Info:    Checking defaults for OMS/cmsy/m/n on input line 87.
LaTeX Font Info:    ... okay on input line 87.
LaTeX Font Info:    Checking defaults for OT1/cmr/m/n on input line 87.
LaTeX Font Info:    ... okay on input line 87.
LaTeX Font Info:    Checking defaults for T1/cmr/m/n on input line 87.
LaTeX Font Info:    ... okay on input line 87.
LaTeX Font Info:    Checking defaults for TS1/cmr/m/n on input line 87.
LaTeX Font Info:    ... okay on input line 87.
LaTeX Font Info:    Checking defaults for OMX/cmex/m/n on input line 87.
LaTeX Font Info:    ... okay on input line 87.
LaTeX Font Info:    Checking defaults for U/cmr/m/n on input line 87.
LaTeX Font Info:    ... okay on input line 87.
LaTeX Font Info:    Checking defaults for T5/cmr/m/n on input line 87.
LaTeX Font Info:    ... okay on input line 87.
LaTeX Font Info:    Checking defaults for PD1/pdf/m/n on input line 87.
LaTeX Font Info:    ... okay on input line 87.
LaTeX Font Info:    Checking defaults for PU/pdf/m/n on input line 87.
LaTeX Font Info:    ... okay on input line 87.

(C:\Users\Duck\AppData\Local\Programs\MiKTeX\tex/context/base/mkii\supp-pdf.mki
i
[Loading MPS to PDF converter (version 2006.09.02).]
\scratchcounter=\count353
\scratchdimen=\dimen318
\scratchbox=\box78
\nofMPsegments=\count354
\nofMParguments=\count355
\everyMPshowfont=\toks50
\MPscratchCnt=\count356
\MPscratchDim=\dimen319
\MPnumerator=\count357
\makeMPintoPDFobject=\count358
\everyMPtoPDFconversion=\toks51
)
(C:\Users\Duck\AppData\Local\Programs\MiKTeX\tex/latex/epstopdf-pkg\epstopdf-ba
se.sty
Package: epstopdf-base 2020-01-24 v2.11 Base part for package epstopdf
Package epstopdf-base Info: Redefining graphics rule for `.eps' on input line 4
85.

(C:\Users\Duck\AppData\Local\Programs\MiKTeX\tex/latex/00miktex\epstopdf-sys.cf
g
File: epstopdf-sys.cfg 2021/03/18 v2.0 Configuration of epstopdf for MiKTeX
))
*geometry* driver: auto-detecting
*geometry* detected driver: pdftex
*geometry* verbose mode - [ preamble ] result:
* driver: pdftex
* paper: a4paper
* layout: <same size as paper>
* layoutoffset:(h,v)=(0.0pt,0.0pt)
* modes: 
* h-part:(L,W,R)=(71.13188pt, 469.47049pt, 56.9055pt)
* v-part:(T,H,B)=(71.13188pt, 702.78308pt, 71.13188pt)
* \paperwidth=597.50787pt
* \paperheight=845.04684pt
* \textwidth=469.47049pt
* \textheight=702.78308pt
* \oddsidemargin=-1.1381pt
* \evensidemargin=-1.1381pt
* \topmargin=-38.1381pt
* \headheight=15.0pt
* \headsep=25.0pt
* \topskip=12.0pt
* \footskip=30.0pt
* \marginparwidth=35.0pt
* \marginparsep=10.0pt
* \columnsep=10.0pt
* \skip\footins=10.8pt plus 4.0pt minus 2.0pt
* \hoffset=0.0pt
* \voffset=0.0pt
* \mag=1000
* \@twocolumnfalse
* \@twosidefalse
* \@mparswitchfalse
* \@reversemarginfalse
* (1in=72.27pt=25.4mm, 1cm=28.453pt)

Package hyperref Info: Link coloring ON on input line 87.
(Specification.out) (Specification.out)
\@outlinefile=\write4
\openout4 = `Specification.out'.

Package caption Info: Begin \AtBeginDocument code.
Package caption Info: longtable package is loaded.

(C:\Users\Duck\AppData\Local\Programs\MiKTeX\tex/latex/caption\ltcaption.sty
Package: ltcaption 2021/01/08 v1.4c longtable captions (AR)
)
Package caption Info: rotating package is loaded.
Package caption Info: End \AtBeginDocument code.
<logo.png, id=573, 1204.7409pt x 982.872pt>
File: logo.png Graphic file (type png)
<use logo.png>
Package pdftex.def Info: logo.png  used on input line 115.
(pdftex.def)             Requested size: 147.95424pt x 120.69907pt.

[1

{C:/Users/Duck/AppData/Local/MiKTeX/fonts/map/pdftex/pdftex.map} <./logo.png>] 
(Specification.toc [2]
LaTeX Font Info:    Trying to load font information for T5+cmtt on input line 8
1.

(C:\Users\Duck\AppData\Local\Programs\MiKTeX\tex/latex/vntex\t5cmtt.fd
File: t5cmtt.fd 1999/05/25 v2.5h Standard LaTeX font definitions
)
[3] [4])
\tf@toc=\write5
\openout5 = `Specification.toc'.

 [5] (Specification.lot [6] [7])
\tf@lot=\write6
\openout6 = `Specification.lot'.

 [8] (Specification.lof)
\tf@lof=\write7
\openout7 = `Specification.lof'.

 [9]

Package hyperref Warning: The anchor of a bookmark and its parent's must not
(hyperref)                be the same. Added a new anchor on input line 170.


Package hyperref Warning: The anchor of a bookmark and its parent's must not
(hyperref)                be the same. Added a new anchor on input line 222.


Overfull \hbox (15.45pt too wide) in alignment at lines 226--231
 [] [] [] [] [] 
 []


Overfull \hbox (15.45pt too wide) in alignment at lines 231--235
 [] [] [] [] [] 
 []


Overfull \hbox (15.45pt too wide) in alignment at lines 235--246
 [] [] [] [] [] 
 []

[10

]
Overfull \hbox (3.05002pt too wide) in alignment at lines 255--260
 [] [] [] [] 
 []


Overfull \hbox (3.05002pt too wide) in alignment at lines 260--264
 [] [] [] [] 
 []


Overfull \hbox (3.05002pt too wide) in alignment at lines 264--275
 [] [] [] [] 
 []

[11] [12] [13]
Overfull \hbox (3.05002pt too wide) in alignment at lines 433--438
 [] [] [] [] 
 []


Overfull \hbox (3.05002pt too wide) in alignment at lines 438--442
 [] [] [] [] 
 []


Overfull \hbox (3.05002pt too wide) in alignment at lines 442--453
 [] [] [] [] 
 []

ignored error: Infinite glue shrinkage found in box being split [14] [15]

Package hyperref Warning: The anchor of a bookmark and its parent's must not
(hyperref)                be the same. Added a new anchor on input line 502.


Overfull \hbox (3.05002pt too wide) in alignment at lines 530--535
 [] [] [] [] 
 []


Overfull \hbox (3.05002pt too wide) in alignment at lines 535--539
 [] [] [] [] 
 []


Overfull \hbox (3.05002pt too wide) in alignment at lines 539--544
 [] [] [] [] 
 []

[16

] [17]
Overfull \hbox (3.05002pt too wide) in alignment at lines 603--608
 [] [] [] [] 
 []


Overfull \hbox (3.05002pt too wide) in alignment at lines 608--612
 [] [] [] [] 
 []


Overfull \hbox (3.05002pt too wide) in alignment at lines 612--627
 [] [] [] [] 
 []

ignored error: Infinite glue shrinkage found in box being split [18]
Overfull \hbox (3.05002pt too wide) in alignment at lines 664--669
 [] [] [] [] 
 []


Overfull \hbox (3.05002pt too wide) in alignment at lines 669--673
 [] [] [] [] 
 []


Overfull \hbox (3.05002pt too wide) in alignment at lines 673--684
 [] [] [] [] 
 []

ignored error: Infinite glue shrinkage found in box being split [19] [20]
<images/Goal To Objective.png, id=945, 4062.17625pt x 3372.6pt>
File: images/Goal To Objective.png Graphic file (type png)
<use images/Goal To Objective.png>
Package pdftex.def Info: images/Goal To Objective.png  used on input line 729.
(pdftex.def)             Requested size: 441.26224pt x 366.3556pt.

[21 <./images/Goal To Objective.png>]

Package hyperref Warning: The anchor of a bookmark and its parent's must not
(hyperref)                be the same. Added a new anchor on input line 762.

[22] [23]

Package hyperref Warning: The anchor of a bookmark and its parent's must not
(hyperref)                be the same. Added a new anchor on input line 824.

<images/Architechture.png, id=959, 8222.72pt x 2144.01pt>
File: images/Architechture.png Graphic file (type png)
<use images/Architechture.png>
Package pdftex.def Info: images/Architechture.png  used on input line 829.
(pdftex.def)             Requested size: 441.27252pt x 115.05835pt.
ignored error: Infinite glue shrinkage found in box being split [24

 <./images/Architechture.png>]
Overfull \hbox (15.45pt too wide) in alignment at lines 880--885
 [] [] [] [] [] 
 []


Overfull \hbox (15.45pt too wide) in alignment at lines 885--889
 [] [] [] [] [] 
 []


Overfull \hbox (15.45pt too wide) in alignment at lines 889--904
 [] [] [] [] [] 
 []

[25]
Overfull \hbox (3.05002pt too wide) in alignment at lines 916--921
 [] [] [] [] 
 []


Overfull \hbox (3.05002pt too wide) in alignment at lines 921--925
 [] [] [] [] 
 []


Overfull \hbox (3.05002pt too wide) in alignment at lines 925--938
 [] [] [] [] 
 []

ignored error: Infinite glue shrinkage found in box being split [26] [27]
[28]

Package hyperref Warning: The anchor of a bookmark and its parent's must not
(hyperref)                be the same. Added a new anchor on input line 1057.


Overfull \hbox (3.05002pt too wide) in alignment at lines 1064--1069
 [] [] [] [] 
 []


Overfull \hbox (3.05002pt too wide) in alignment at lines 1069--1073
 [] [] [] [] 
 []


Overfull \hbox (3.05002pt too wide) in alignment at lines 1073--1080
 [] [] [] [] 
 []


Overfull \hbox (15.45pt too wide) in alignment at lines 1089--1094
 [] [] [] [] [] 
 []


Overfull \hbox (15.45pt too wide) in alignment at lines 1094--1098
 [] [] [] [] [] 
 []


Overfull \hbox (15.45pt too wide) in alignment at lines 1098--1109
 [] [] [] [] [] 
 []

ignored error: Infinite glue shrinkage found in box being split [29

]
<images/overall FC.png, id=986, 7550.2075pt x 3648.63126pt>
File: images/overall FC.png Graphic file (type png)
<use images/overall FC.png>
Package pdftex.def Info: images/overall FC.png  used on input line 1116.
(pdftex.def)             Requested size: 441.24182pt x 213.22972pt.
<images/overall UC.png, id=987, 1154.3125pt x 1016.79875pt>
File: images/overall UC.png Graphic file (type png)
<use images/overall UC.png>
Package pdftex.def Info: images/overall UC.png  used on input line 1125.
(pdftex.def)             Requested size: 441.30293pt x 388.73032pt.
 [30 <./images/overall FC.png>]

Package hyperref Warning: The anchor of a bookmark and its parent's must not
(hyperref)                be the same. Added a new anchor on input line 1140.

[31 <./images/overall UC.png>]
ignored error: Infinite glue shrinkage found in box being split [32]
<images/UC01-UC.png, id=1003, 4052.13875pt x 2461.195pt>
File: images/UC01-UC.png Graphic file (type png)
<use images/UC01-UC.png>
Package pdftex.def Info: images/UC01-UC.png  used on input line 1199.
(pdftex.def)             Requested size: 441.28485pt x 268.02835pt.
<images/UC01-FC.png, id=1004, 8222.72pt x 706.64pt>
File: images/UC01-FC.png Graphic file (type png)
<use images/UC01-FC.png>
Package pdftex.def Info: images/UC01-FC.png  used on input line 1208.
(pdftex.def)             Requested size: 441.27252pt x 37.92184pt.
 [33 <./images/UC01-UC.png> <./images/UC01-FC.png>]

Package hyperref Warning: The anchor of a bookmark and its parent's must not
(hyperref)                be the same. Added a new anchor on input line 1223.

ignored error: Infinite glue shrinkage found in box being split [34]
<images/UC02-UC.png, id=1015, 4545.98375pt x 4051.135pt>
File: images/UC02-UC.png Graphic file (type png)
<use images/UC02-UC.png>
Package pdftex.def Info: images/UC02-UC.png  used on input line 1278.
(pdftex.def)             Requested size: 441.23737pt x 393.2069pt.
 [35]
<images/UC02-FC.png, id=1020, 8222.72pt x 700.6175pt>
File: images/UC02-FC.png Graphic file (type png)
<use images/UC02-FC.png>
Package pdftex.def Info: images/UC02-FC.png  used on input line 1287.
(pdftex.def)             Requested size: 441.27252pt x 37.59865pt.

[36 <./images/UC02-UC.png> <./images/UC02-FC.png>]
ignored error: Infinite glue shrinkage found in box being split [37]
<images/UC03-UC.png, id=1032, 4558.02875pt x 3962.805pt>
File: images/UC03-UC.png Graphic file (type png)
<use images/UC03-UC.png>
Package pdftex.def Info: images/UC03-UC.png  used on input line 1380.
(pdftex.def)             Requested size: 441.29367pt x 383.66602pt.
 [38]
<images/UC03-FC.png, id=1037, 8222.72pt x 608.2725pt>
File: images/UC03-FC.png Graphic file (type png)
<use images/UC03-FC.png>
Package pdftex.def Info: images/UC03-FC.png  used on input line 1389.
(pdftex.def)             Requested size: 441.27252pt x 32.64296pt.

[39 <./images/UC03-UC.png> <./images/UC03-FC.png>]
<images/UC04-UC.png, id=1044, 6201.1675pt x 3176.86874pt>
File: images/UC04-UC.png Graphic file (type png)
<use images/UC04-UC.png>
Package pdftex.def Info: images/UC04-UC.png  used on input line 1451.
(pdftex.def)             Requested size: 441.22273pt x 226.03917pt.
 [40]
<images/UC04-FC.png, id=1049, 8222.72pt x 842.14626pt>
File: images/UC04-FC.png Graphic file (type png)
<use images/UC04-FC.png>
Package pdftex.def Info: images/UC04-FC.png  used on input line 1460.
(pdftex.def)             Requested size: 441.27252pt x 45.1938pt.


Package hyperref Warning: The anchor of a bookmark and its parent's must not
(hyperref)                be the same. Added a new anchor on input line 1475.

[41 <./images/UC04-UC.png> <./images/UC04-FC.png>]
<images/UC05-UC.png, id=1056, 4133.4425pt x 4501.81876pt>
File: images/UC05-UC.png Graphic file (type png)
<use images/UC05-UC.png>
Package pdftex.def Info: images/UC05-UC.png  used on input line 1530.
(pdftex.def)             Requested size: 374.20126pt x 407.55043pt.
 [42]
<images/UC05-FC.png, id=1061, 8222.72pt x 786.94pt>
File: images/UC05-FC.png Graphic file (type png)
<use images/UC05-FC.png>
Package pdftex.def Info: images/UC05-FC.png  used on input line 1539.
(pdftex.def)             Requested size: 441.27252pt x 42.23116pt.
 [43 <./images/UC05-UC.png> <./images/UC05-FC.png>] [44]

Package hyperref Warning: The anchor of a bookmark and its parent's must not
(hyperref)                be the same. Added a new anchor on input line 1585.

[45

]
ignored error: Infinite glue shrinkage found in box being split [46]
<images/EdgeAI Pipeline.png, id=1081, 8222.72pt x 1316.92pt>
File: images/EdgeAI Pipeline.png Graphic file (type png)
<use images/EdgeAI Pipeline.png>
Package pdftex.def Info: images/EdgeAI Pipeline.png  used on input line 1726.
(pdftex.def)             Requested size: 441.27252pt x 70.67255pt.
 [47 <./images/EdgeAI Pipeline.png>] [48] [49] [50] [51]

Package hyperref Warning: The anchor of a bookmark and its parent's must not
(hyperref)                be the same. Added a new anchor on input line 1932.

<images/Internet 1.png, id=1104, 6764.27126pt x 3093.5575pt>
File: images/Internet 1.png Graphic file (type png)
<use images/Internet 1.png>
Package pdftex.def Info: images/Internet 1.png  used on input line 1963.
(pdftex.def)             Requested size: 441.24129pt x 201.79636pt.
[52

 <./images/Internet 1.png>]
LaTeX Font Info:    Font shape `T5/cmtt/bx/n' in size <12> not available
(Font)              Font shape `T5/cmtt/m/n' tried instead on input line 1972.


Package hyperref Warning: The anchor of a bookmark and its parent's must not
(hyperref)                be the same. Added a new anchor on input line 1973.


Overfull \hbox (3.05002pt too wide) in alignment at lines 1977--1982
 [] [] [] [] 
 []


Overfull \hbox (3.05002pt too wide) in alignment at lines 1982--1986
 [] [] [] [] 
 []


Overfull \hbox (3.17596pt too wide) in paragraph at lines 1993--1993
[]|\T5/cmr/m/n/8 consent_audio_storage|  
 []


Overfull \hbox (3.05002pt too wide) in alignment at lines 1986--1999
 [] [] [] [] 
 []


Overfull \hbox (3.05002pt too wide) in alignment at lines 2008--2013
 [] [] [] [] 
 []


Overfull \hbox (3.05002pt too wide) in alignment at lines 2013--2017
 [] [] [] [] 
 []


Overfull \hbox (3.05002pt too wide) in alignment at lines 2017--2034
 [] [] [] [] 
 []


Overfull \hbox (3.05002pt too wide) in alignment at lines 2043--2048
 [] [] [] [] 
 []


Overfull \hbox (3.05002pt too wide) in alignment at lines 2048--2052
 [] [] [] [] 
 []


Overfull \hbox (3.05002pt too wide) in alignment at lines 2052--2073
 [] [] [] [] 
 []

ignored error: Infinite glue shrinkage found in box being split [53]
Overfull \hbox (3.05002pt too wide) in alignment at lines 2082--2087
 [] [] [] [] 
 []


Overfull \hbox (3.05002pt too wide) in alignment at lines 2087--2091
 [] [] [] [] 
 []


Overfull \hbox (3.05002pt too wide) in alignment at lines 2091--2104
 [] [] [] [] 
 []


Overfull \hbox (3.05002pt too wide) in alignment at lines 2113--2118
 [] [] [] [] 
 []


Overfull \hbox (3.05002pt too wide) in alignment at lines 2118--2122
 [] [] [] [] 
 []


Overfull \hbox (3.05002pt too wide) in alignment at lines 2122--2135
 [] [] [] [] 
 []


Overfull \hbox (3.05002pt too wide) in alignment at lines 2144--2149
 [] [] [] [] 
 []


Overfull \hbox (3.05002pt too wide) in alignment at lines 2149--2153
 [] [] [] [] 
 []


Overfull \hbox (7.9984pt too wide) in paragraph at lines 2158--2158
[]|\T5/cmr/m/n/8 user_message_summary|  
 []


Overfull \hbox (3.05002pt too wide) in alignment at lines 2153--2166
 [] [] [] [] 
 []

ignored error: Infinite glue shrinkage found in box being split [54]
Overfull \hbox (3.05002pt too wide) in alignment at lines 2175--2180
 [] [] [] [] 
 []


Overfull \hbox (3.05002pt too wide) in alignment at lines 2180--2184
 [] [] [] [] 
 []


Overfull \hbox (3.05002pt too wide) in alignment at lines 2184--2205
 [] [] [] [] 
 []

ignored error: Infinite glue shrinkage found in box being split [55]

Package hyperref Warning: The anchor of a bookmark and its parent's must not
(hyperref)                be the same. Added a new anchor on input line 2257.


Overfull \hbox (3.05002pt too wide) in alignment at lines 2261--2266
 [] [] [] [] 
 []


Overfull \hbox (3.05002pt too wide) in alignment at lines 2266--2270
 [] [] [] [] 
 []


Overfull \hbox (3.05002pt too wide) in alignment at lines 2270--2287
 [] [] [] [] 
 []


Overfull \hbox (3.05002pt too wide) in alignment at lines 2296--2301
 [] [] [] [] 
 []


Overfull \hbox (3.05002pt too wide) in alignment at lines 2301--2305
 [] [] [] [] 
 []


Overfull \hbox (3.05002pt too wide) in alignment at lines 2305--2320
 [] [] [] [] 
 []

[56]
<images/Internet 2.png, id=1128, 8222.72pt x 3767.07375pt>
File: images/Internet 2.png Graphic file (type png)
<use images/Internet 2.png>
Package pdftex.def Info: images/Internet 2.png  used on input line 2358.
(pdftex.def)             Requested size: 441.27252pt x 202.16013pt.
<images/Internet 3.png, id=1129, 1244.65pt x 4275.975pt>
File: images/Internet 3.png Graphic file (type png)
<use images/Internet 3.png>
Package pdftex.def Info: images/Internet 3.png  used on input line 2367.
(pdftex.def)             Requested size: 118.6418pt x 407.59203pt.
 [57 <./images/Internet 2.png>]
Overfull \hbox (15.61241pt too wide) in paragraph at lines 2379--2380
[]\T5/cmtt/m/n/12 /api/emotion-sessions/sync \T5/cmr/m/n/12 phŁi idem-po-tent t
heo \T5/cmtt/m/n/12 device_id + client_session_id\T5/cmr/m/n/12 . 
 []

[58 <./images/Internet 3.png>] [59]

Package hyperref Warning: The anchor of a bookmark and its parent's must not
(hyperref)                be the same. Added a new anchor on input line 2392.


Overfull \hbox (12.44144pt too wide) in alignment at lines 2410--2415
 [] [] [] [] 
 []


Overfull \hbox (12.44144pt too wide) in alignment at lines 2415--2419
 [] [] [] [] 
 []


Overfull \hbox (12.44144pt too wide) in alignment at lines 2419--2436
 [] [] [] [] 
 []


Overfull \hbox (12.44144pt too wide) in alignment at lines 2445--2450
 [] [] [] [] 
 []


Overfull \hbox (12.44144pt too wide) in alignment at lines 2450--2454
 [] [] [] [] 
 []


Overfull \hbox (12.44144pt too wide) in alignment at lines 2454--2465
 [] [] [] [] 
 []

[60

]
Overfull \hbox (12.44144pt too wide) in alignment at lines 2474--2479
 [] [] [] [] 
 []


Overfull \hbox (12.44144pt too wide) in alignment at lines 2479--2483
 [] [] [] [] 
 []


Overfull \hbox (12.44144pt too wide) in alignment at lines 2483--2498
 [] [] [] [] 
 []


Overfull \hbox (12.44144pt too wide) in alignment at lines 2507--2512
 [] [] [] [] 
 []


Overfull \hbox (12.44144pt too wide) in alignment at lines 2512--2516
 [] [] [] [] 
 []


Overfull \hbox (12.44144pt too wide) in alignment at lines 2516--2531
 [] [] [] [] 
 []

ignored error: Infinite glue shrinkage found in box being split [61]
Overfull \hbox (12.44144pt too wide) in alignment at lines 2540--2545
 [] [] [] [] 
 []


Overfull \hbox (12.44144pt too wide) in alignment at lines 2545--2549
 [] [] [] [] 
 []


Overfull \hbox (12.44144pt too wide) in alignment at lines 2549--2564
 [] [] [] [] 
 []


Overfull \hbox (12.44144pt too wide) in alignment at lines 2573--2578
 [] [] [] [] 
 []


Overfull \hbox (12.44144pt too wide) in alignment at lines 2578--2582
 [] [] [] [] 
 []


Overfull \hbox (12.44144pt too wide) in alignment at lines 2582--2597
 [] [] [] [] 
 []

ignored error: Infinite glue shrinkage found in box being split [62]
Overfull \hbox (12.44144pt too wide) in alignment at lines 2606--2611
 [] [] [] [] 
 []


Overfull \hbox (12.44144pt too wide) in alignment at lines 2611--2615
 [] [] [] [] 
 []


Overfull \hbox (12.44144pt too wide) in alignment at lines 2615--2624
 [] [] [] [] 
 []


Overfull \hbox (3.05002pt too wide) in alignment at lines 2659--2664
 [] [] [] [] 
 []


Overfull \hbox (3.05002pt too wide) in alignment at lines 2664--2668
 [] [] [] [] 
 []


Overfull \hbox (3.05002pt too wide) in alignment at lines 2668--2683
 [] [] [] [] 
 []

[63] [64]

Package hyperref Warning: The anchor of a bookmark and its parent's must not
(hyperref)                be the same. Added a new anchor on input line 2695.


Overfull \hbox (3.05719pt too wide) in alignment at lines 2705--2710
 [] [] [] [] 
 []


Overfull \hbox (3.05719pt too wide) in alignment at lines 2710--2714
 [] [] [] [] 
 []


Overfull \hbox (3.05719pt too wide) in alignment at lines 2714--2727
 [] [] [] [] 
 []


Overfull \hbox (3.05719pt too wide) in alignment at lines 2737--2742
 [] [] [] [] 
 []


Overfull \hbox (3.05719pt too wide) in alignment at lines 2742--2746
 [] [] [] [] 
 []


Overfull \hbox (3.05719pt too wide) in alignment at lines 2746--2759
 [] [] [] [] 
 []


Overfull \hbox (3.05719pt too wide) in alignment at lines 2769--2774
 [] [] [] [] 
 []


Overfull \hbox (3.05719pt too wide) in alignment at lines 2774--2778
 [] [] [] [] 
 []


Overfull \hbox (3.05719pt too wide) in alignment at lines 2778--2791
 [] [] [] [] 
 []

[65

]
Overfull \hbox (3.05719pt too wide) in alignment at lines 2801--2806
 [] [] [] [] 
 []


Overfull \hbox (3.05719pt too wide) in alignment at lines 2806--2810
 [] [] [] [] 
 []


Overfull \hbox (3.05719pt too wide) in alignment at lines 2810--2819
 [] [] [] [] 
 []


Overfull \hbox (3.05719pt too wide) in alignment at lines 2829--2834
 [] [] [] [] 
 []


Overfull \hbox (3.05719pt too wide) in alignment at lines 2834--2838
 [] [] [] [] 
 []


Overfull \hbox (3.05719pt too wide) in alignment at lines 2838--2849
 [] [] [] [] 
 []


Overfull \hbox (3.05719pt too wide) in alignment at lines 2859--2864
 [] [] [] [] 
 []


Overfull \hbox (3.05719pt too wide) in alignment at lines 2864--2868
 [] [] [] [] 
 []


Overfull \hbox (3.05719pt too wide) in alignment at lines 2868--2877
 [] [] [] [] 
 []

[66] [67]

Package hyperref Warning: The anchor of a bookmark and its parent's must not
(hyperref)                be the same. Added a new anchor on input line 2890.

[68

] [69]
Overfull \hbox (4.05722pt too wide) in paragraph at lines 3049--3050
[]\T5/cmr/m/n/12 N¸u thi¸t bŕ of-fline, TFT hişn thŕ thćng bˇo: \T5/cmtt/m/n/12
 C¦n Internet ^^_ş l§y gńi ţ tř Cloud\T5/cmr/m/n/12 . 
 []

[70] [71] [72]
Overfull \hbox (27.83563pt too wide) in alignment at lines 3225--3230
 [] [] [] [] [] [] 
 []


Overfull \hbox (27.83563pt too wide) in alignment at lines 3230--3234
 [] [] [] [] [] [] 
 []


Overfull \hbox (27.83563pt too wide) in alignment at lines 3234--3241
 [] [] [] [] [] [] 
 []

[73] [74]

Package hyperref Warning: The anchor of a bookmark and its parent's must not
(hyperref)                be the same. Added a new anchor on input line 3285.

ignored error: Infinite glue shrinkage found in box being split [75

]
ignored error: Infinite glue shrinkage found in box being split [76]
Overfull \hbox (3.05002pt too wide) in alignment at lines 3408--3413
 [] [] [] [] 
 []


Overfull \hbox (3.05002pt too wide) in alignment at lines 3413--3417
 [] [] [] [] 
 []


Overfull \hbox (3.05002pt too wide) in alignment at lines 3417--3434
 [] [] [] [] 
 []

[77]

Package hyperref Warning: The anchor of a bookmark and its parent's must not
(hyperref)                be the same. Added a new anchor on input line 3452.

[78

]
Overfull \hbox (3.05002pt too wide) in alignment at lines 3574--3579
 [] [] [] [] 
 []


Overfull \hbox (3.05002pt too wide) in alignment at lines 3579--3583
 [] [] [] [] 
 []


Overfull \hbox (3.05002pt too wide) in alignment at lines 3583--3600
 [] [] [] [] 
 []

[79]
ignored error: Infinite glue shrinkage found in box being split [80] [81]

Package hyperref Warning: The anchor of a bookmark and its parent's must not
(hyperref)                be the same. Added a new anchor on input line 3755.


Overfull \hbox (24.62271pt too wide) in paragraph at lines 3770--3770
[]|\T5/cmtt/m/n/12 recommendation_requests|  
 []


Overfull \hbox (6.10223pt too wide) in paragraph at lines 3774--3774
[]|\T5/cmtt/m/n/12 media_selection_logs|  
 []


Overfull \hbox (12.27573pt too wide) in paragraph at lines 3776--3776
[]|\T5/cmtt/m/n/12 conversation_requests|  
 []

ignored error: Infinite glue shrinkage found in box being split [82]
Overfull \hbox (3.05002pt too wide) in alignment at lines 3788--3793
 [] [] [] [] 
 []


Overfull \hbox (3.05002pt too wide) in alignment at lines 3793--3797
 [] [] [] [] 
 []


Overfull \hbox (3.05002pt too wide) in alignment at lines 3797--3808
 [] [] [] [] 
 []

[83] [84] (Specification.aux)
 ***********
LaTeX2e <2025-11-01>
L3 programming layer <2025-12-24>
 ***********
Package rerunfilecheck Info: File `Specification.out' has not changed.
(rerunfilecheck)             Checksum: E583FB55925D552858E46A715363C3F8;34848.
 ) 
Here is how much of TeX's memory you used:
 25276 strings out of 467871
 467013 string characters out of 5418860
 895823 words of memory out of 5000000
 53517 multiletter control sequences out of 15000+600000
 642907 words of font info for 67 fonts, out of 8000000 for 9000
 1141 hyphenation exceptions out of 8191
 84i,12n,104p,1706b,696s stack positions out of 10000i,1000n,20000p,200000b,200000s
 <C:\Users\Duck\AppData\Local\MiKTeX\fonts/pk/ljfour/jknappen/ec/dpi600\tcrm1
200.pk><C:/Users/Duck/AppData/Local/Programs/MiKTeX/fonts/type1/public/amsfonts
/cm/cmsy8.pfb><C:/Users/Duck/AppData/Local/Programs/MiKTeX/fonts/type1/vntex/vn
r/vnbx12.pfb><C:/Users/Duck/AppData/Local/Programs/MiKTeX/fonts/type1/vntex/vnr
/vnbx8.pfb><C:/Users/Duck/AppData/Local/Programs/MiKTeX/fonts/type1/vntex/vnr/v
nr12.pfb><C:/Users/Duck/AppData/Local/Programs/MiKTeX/fonts/type1/vntex/vnr/vnr
17.pfb><C:/Users/Duck/AppData/Local/Programs/MiKTeX/fonts/type1/vntex/vnr/vnr8.
pfb><C:/Users/Duck/AppData/Local/Programs/MiKTeX/fonts/type1/vntex/vnr/vnti12.p
fb><C:/Users/Duck/AppData/Local/Programs/MiKTeX/fonts/type1/vntex/vnr/vntt12.pf
b><C:/Users/Duck/AppData/Local/Programs/MiKTeX/fonts/type1/vntex/vnr/vntt8.pfb>

Output written on Specification.pdf (84 pages, 6514257 bytes).
PDF statistics:
 1343 PDF objects out of 1440 (max. 8388607)
 220 named destinations out of 1000 (max. 500000)
 1276 words of extra memory for PDF output out of 10000 (max. 10000000)

