\BOOKMARK [1][-]{Doc-Start}{\376\377\000D\000a\000n\000h\000\040\000m\036\345\000c\000\040\000b\036\243\000n\000g}{}% 1
\BOOKMARK [1][-]{Doc-Start}{\376\377\000D\000a\000n\000h\000\040\000m\036\345\000c\000\040\000h\000\354\000n\000h\000\040\036\243\000n\000h}{}% 2
\BOOKMARK [1][-]{Doc-Start}{\376\377\0000\0000\000.\000\040\000G\000i\036\333\000i\000\040\000t\000h\000i\036\307\000u}{}% 3
\BOOKMARK [2][-]{section*.1}{\376\377\0000\000.\0001\000.\000\040\000T\000h\000\364\000n\000g\000\040\000t\000i\000n\000\040\000t\000\340\000i\000\040\000l\000i\036\307\000u}{Doc-Start}% 4
\BOOKMARK [2][-]{table.1}{\376\377\0000\000.\0002\000.\000\040\001\020\036\313\000n\000h\000\040\000v\036\313\000\040\000s\036\243\000n\000\040\000p\000h\036\251\000m}{Doc-Start}% 5
\BOOKMARK [2][-]{table.1}{\376\377\0000\000.\0003\000.\000\040\000D\000o\000c\000u\000m\000e\000n\000t\000\040\000L\000i\000f\000e\000-\000C\000y\000c\000l\000e\000\040\000v\000\340\000\040\000S\000i\000g\000n\000-\000o\000f\000f}{Doc-Start}% 6
\BOOKMARK [3][-]{section*.2}{\376\377\0000\000.\0003\000.\0001\000.\000\040\000R\000e\000v\000i\000s\000i\000o\000n\000\040\000h\000i\000s\000t\000o\000r\000y}{table.1}% 7
\BOOKMARK [3][-]{table.2}{\376\377\0000\000.\0003\000.\0002\000.\000\040\000S\000i\000g\000n\000-\000o\000f\000f}{table.1}% 8
\BOOKMARK [2][-]{table.3}{\376\377\0000\000.\0004\000.\000\040\000I\000n\000t\000e\000n\000d\000e\000d\000\040\000A\000u\000d\000i\000e\000n\000c\000e}{Doc-Start}% 9
\BOOKMARK [2][-]{table.4}{\376\377\0000\000.\0005\000.\000\040\000D\000e\000f\000i\000n\000i\000t\000i\000o\000n\000s\000,\000\040\000S\000t\000a\000n\000d\000a\000r\000d\000s\000,\000\040\000a\000n\000d\000\040\000F\000r\000a\000m\000e\000w\000o\000r\000k}{Doc-Start}% 10
\BOOKMARK [2][-]{table.5}{\376\377\0000\000.\0006\000.\000\040\000H\000o\000w\000\040\000t\000o\000\040\000U\000s\000e\000\040\000t\000h\000i\000s\000\040\000D\000o\000c\000u\000m\000e\000n\000t}{Doc-Start}% 11
\BOOKMARK [2][-]{table.6}{\376\377\0000\000.\0007\000.\000\040\000T\000h\000\364\000n\000g\000\040\000t\000i\000n\000\040\000t\000h\000\340\000n\000h\000\040\000v\000i\000\352\000n}{Doc-Start}% 12
\BOOKMARK [2][-]{table.7}{\376\377\0000\000.\0008\000.\000\040\000P\000h\036\241\000m\000\040\000v\000i\000\040\000c\036\255\000p\000\040\000n\000h\036\255\000t\000\040\001\021\036\267\000c\000\040\000t\036\243}{Doc-Start}% 13
\BOOKMARK [2][-]{table.8}{\376\377\0000\000.\0009\000.\000\040\000L\036\313\000c\000h\000\040\000s\036\355\000\040\000p\000h\000i\000\352\000n\000\040\000b\036\243\000n}{Doc-Start}% 14
\BOOKMARK [2][-]{table.9}{\376\377\0000\000.\0001\0000\000.\000\040\000C\036\245\000u\000\040\000t\000r\000\372\000c\000\040\000t\000\340\000i\000\040\000l\000i\036\307\000u}{Doc-Start}% 15
\BOOKMARK [1][-]{table.10}{\376\377\0000\0001\000.\000\040\000B\000a\000c\000k\000g\000r\000o\000u\000n\000d}{}% 16
\BOOKMARK [2][-]{section*.3}{\376\377\0001\000.\0001\000.\000\040\000B\036\321\000i\000\040\000c\036\243\000n\000h}{table.10}% 17
\BOOKMARK [3][-]{section*.3}{\376\377\0001\000.\0001\000.\0001\000.\000\040\000T\000h\036\361\000c\000\040\000t\000r\036\241\000n\000g}{table.10}% 18
\BOOKMARK [3][-]{section*.3}{\376\377\0001\000.\0001\000.\0002\000.\000\040\000S\036\243\000n\000\040\000p\000h\036\251\000m\000\040\000t\001\260\001\241\000n\000g\000\040\000t\036\361}{table.10}% 19
\BOOKMARK [2][-]{table.11}{\376\377\0001\000.\0002\000.\000\040\000N\000g\000u\036\323\000n\000\040\000c\036\243\000m\000\040\000h\036\351\000n\000g\000\040\000t\036\353\000\040\000E\000M\000O}{table.10}% 20
\BOOKMARK [2][-]{table.11}{\376\377\0001\000.\0003\000.\000\040\000V\036\245\000n\000\040\001\021\036\301\000\040\000c\036\247\000n\000\040\000g\000i\036\243\000i\000\040\000q\000u\000y\036\277\000t}{table.10}% 21
\BOOKMARK [2][-]{table.13}{\376\377\0001\000.\0004\000.\000\040\000N\000g\001\260\036\335\000i\000\040\000d\000\371\000n\000g\000\040\000m\036\345\000c\000\040\000t\000i\000\352\000u}{table.10}% 22
\BOOKMARK [3][-]{table.14}{\376\377\0001\000.\0004\000.\0001\000.\000\040\000U\000s\000e\000r\000\040\000c\000l\000a\000s\000s\000e\000s\000,\000\040\000c\000h\000a\000r\000a\000c\000t\000e\000r\000i\000s\000t\000i\000c\000s\000\040\000v\000\340\000\040\000q\000u\000y\036\301\000n\000\040\000t\000r\000u\000y\000\040\000c\036\255\000p}{table.13}% 23
\BOOKMARK [2][-]{table.15}{\376\377\0001\000.\0005\000.\000\040\000M\036\345\000c\000\040\001\021\000\355\000c\000h\000\040\000s\036\243\000n\000\040\000p\000h\036\251\000m}{table.10}% 24
\BOOKMARK [2][-]{table.16}{\376\377\0001\000.\0006\000.\000\040\000T\036\353\000\040\000m\036\345\000c\000\040\001\021\000\355\000c\000h\000\040\000s\036\243\000n\000\040\000p\000h\036\251\000m\000\040\000s\000u\000y\000\040\000r\000a\000\040\0003\000\040\000m\036\345\000c\000\040\000t\000i\000\352\000u}{table.10}% 25
\BOOKMARK [2][-]{table.17}{\376\377\0001\000.\0007\000.\000\040\000P\000h\036\241\000m\000\040\000v\000i\000\040\000s\036\243\000n\000\040\000p\000h\036\251\000m}{table.10}% 26
\BOOKMARK [3][-]{section*.5}{\376\377\000T\000r\000o\000n\000g\000\040\000p\000h\036\241\000m\000\040\000v\000i}{table.17}% 27
\BOOKMARK [3][-]{section*.5}{\376\377\000N\000g\000o\000\340\000i\000\040\000p\000h\036\241\000m\000\040\000v\000i}{table.17}% 28
\BOOKMARK [2][-]{section*.5}{\376\377\0001\000.\0008\000.\000\040\000T\000i\000\352\000u\000\040\000c\000h\000\355\000\040\000t\000h\000\340\000n\000h\000\040\000c\000\364\000n\000g}{table.10}% 29
\BOOKMARK [1][-]{table.18}{\376\377\0000\0002\000.\000\040\000A\000r\000c\000h\000i\000t\000e\000c\000t\000u\000r\000e\000\040\000\046\000\040\000H\000a\000r\000d\000w\000a\000r\000e}{}% 30
\BOOKMARK [2][-]{section*.6}{\376\377\0002\000.\0001\000.\000\040\000T\036\325\000n\000g\000\040\000q\000u\000a\000n\000\040\000k\000i\036\277\000n\000\040\000t\000r\000\372\000c}{table.18}% 31
\BOOKMARK [2][-]{figure.caption.7}{\376\377\0002\000.\0002\000.\000\040\000T\000h\000\340\000n\000h\000\040\000p\000h\036\247\000n\000\040\000c\000h\000\355\000n\000h}{table.18}% 32
\BOOKMARK [2][-]{table.19}{\376\377\0002\000.\0003\000.\000\040\000T\000h\000\340\000n\000h\000\040\000p\000h\036\247\000n\000\040\000p\000h\036\247\000n\000\040\000c\036\351\000n\000g\000\040\001\021\036\301\000\040\000x\000u\036\245\000t}{table.18}% 33
\BOOKMARK [2][-]{table.20}{\376\377\0002\000.\0004\000.\000\040\000D\036\361\000\040\001\021\000o\000\341\000n\000\040\000c\000h\000i\000\040\000p\000h\000\355\000\040\000t\036\325\000n\000g}{table.18}% 34
\BOOKMARK [2][-]{table.21}{\376\377\0002\000.\0005\000.\000\040\000L\000u\036\323\000n\000g\000\040\000d\036\357\000\040\000l\000i\036\307\000u\000\040\000t\036\325\000n\000g\000\040\000q\000u\000\341\000t}{table.18}% 35
\BOOKMARK [2][-]{table.22}{\376\377\0002\000.\0006\000.\000\040\000N\000g\000u\000y\000\352\000n\000\040\000t\036\257\000c\000\040\000t\000h\000i\036\277\000t\000\040\000k\036\277}{table.18}% 36
\BOOKMARK [2][-]{table.23}{\376\377\0002\000.\0007\000.\000\040\000R\000\340\000n\000g\000\040\000b\000u\036\331\000c\000\040\000t\000r\000i\036\303\000n\000\040\000k\000h\000a\000i}{table.18}% 37
\BOOKMARK [2][-]{table.23}{\376\377\0002\000.\0008\000.\000\040\000A\000s\000s\000u\000m\000p\000t\000i\000o\000n\000s\000\040\000v\000\340\000\040\000D\000e\000p\000e\000n\000d\000e\000n\000c\000i\000e\000s}{table.18}% 38
\BOOKMARK [1][-]{table.24}{\376\377\0000\0003\000.\000\040\000O\000b\000j\000e\000c\000t\000i\000v\000e\000s}{}% 39
\BOOKMARK [2][-]{section*.8}{\376\377\0003\000.\0001\000.\000\040\000T\036\325\000n\000g\000\040\000q\000u\000a\000n}{table.24}% 40
\BOOKMARK [3][-]{table.25}{\376\377\000V\000a\000l\000u\000e\000\040\000P\000r\000o\000p\000o\000s\000i\000t\000i\000o\000n\000\040\000t\000o\000\040\000R\000e\000q\000u\000i\000r\000e\000m\000e\000n\000t\000\040\000M\000a\000p\000p\000i\000n\000g}{table.24}% 41
\BOOKMARK [3][-]{table.26}{\376\377\000O\000v\000e\000r\000a\000l\000l\000\040\000O\000b\000j\000e\000c\000t\000i\000v\000e\000\040\000F\000l\000o\000w\000\040\000C\000h\000a\000r\000t}{table.24}% 42
\BOOKMARK [3][-]{figure.caption.9}{\376\377\000O\000v\000e\000r\000a\000l\000l\000\040\000U\000s\000e\000\040\000C\000a\000s\000e\000\040\000D\000i\000a\000g\000r\000a\000m}{table.24}% 43
\BOOKMARK [2][-]{figure.caption.10}{\376\377\0003\000.\0002\000.\000\040\000S\000M\000A\000R\000T\000\040\000O\000b\000j\000e\000c\000t\000i\000v\000e\000\040\0001\000:\000\040\000P\000h\000\341\000t\000\040\000h\000i\036\307\000n\000\040\000v\000\340\000\040\000p\000h\000\342\000n\000\040\000l\000o\036\241\000i\000\040\000t\000r\036\241\000n\000g\000\040\000t\000h\000\341\000i\000\040\000c\036\243\000m\000\040\000x\000\372\000c\000\040\000c\036\347\000a\000\040\000n\000g\001\260\036\335\000i\000\040\000d\000\371\000n\000g\000\040\000b\036\261\000n\000g\000\040\000S\000p\000e\000e\000c\000h\000\040\000E\000m\000o\000t\000i\000o\000n\000\040\000R\000e\000c\000o\000g\000n\000i\000t\000i\000o\000n\000\040\000t\000r\000o\000n\000g\000\040\000v\000\362\000n\000g\000\040\0001\0005\000\040\000g\000i\000\342\000y\000\040\000s\000a\000u\000\040\000m\036\327\000i\000\040\000l\036\247\000n\000\040\000t\001\260\001\241\000n\000g\000\040\000t\000\341\000c\000\040\000b\036\261\000n\000g\000\040\000g\000i\036\315\000n\000g\000\040\000n\000\363\000i\000\040\000h\036\343\000p\000\040\000l\036\307\000,\000\040\001\021\036\323\000n\000g\000\040\000t\000h\036\335\000i\000\040\000l\001\260\000u\000\040\000l\036\241\000i\000\040\000k\036\277\000t\000\040\000q\000u\036\243\000\040\000c\036\347\000a\000\040\000t\036\353\000n\000g\000\040\000p\000h\000i\000\352\000n\000\040\001\021\036\303\000\040\000p\000h\036\345\000c\000\040\000v\036\345\000\040\000t\000h\000e\000o\000\040\000d\000\365\000i\000\040\000c\036\243\000m\000\040\000x\000\372\000c\000\040\000t\000h\000e\000o\000\040\000t\000h\036\335\000i\000\040\000g\000i\000a\000n}{table.24}% 44
\BOOKMARK [3][-]{section*.11}{\376\377\0003\000.\0002\000.\0001\000.\000\040\000U\000s\000e\000\040\000C\000a\000s\000e\000\040\000U\000C\000-\0000\0001\000:\000\040\000S\000p\000e\000e\000c\000h\000\040\000E\000m\000o\000t\000i\000o\000n\000\040\000R\000e\000c\000o\000g\000n\000i\000t\000i\000o\000n}{figure.caption.10}% 45
\BOOKMARK [3][-]{table.27}{\376\377\000U\000s\000e\000\040\000C\000a\000s\000e\000\040\000D\000i\000a\000g\000r\000a\000m}{figure.caption.10}% 46
\BOOKMARK [3][-]{figure.caption.12}{\376\377\000F\000l\000o\000w\000\040\000C\000h\000a\000r\000t}{figure.caption.10}% 47
\BOOKMARK [2][-]{figure.caption.13}{\376\377\0003\000.\0003\000.\000\040\000S\000M\000A\000R\000T\000\040\000O\000b\000j\000e\000c\000t\000i\000v\000e\000\040\0002\000:\000\040\001\020\036\301\000\040\000x\000u\036\245\000t\000\040\000\355\000t\000\040\000n\000h\036\245\000t\000\040\000m\036\331\000t\000\040\000h\000o\036\241\000t\000\040\001\021\036\331\000n\000g\000\040\000h\000o\036\267\000c\000\040\000m\036\331\000t\000\040\000p\000h\036\243\000n\000\040\000h\036\323\000i\000\040\000p\000h\000\371\000\040\000h\036\343\000p\000\040\000t\000h\000\364\000n\000g\000\040\000q\000u\000a\000\040\000C\000l\000o\000u\000d\000\040\000S\000e\000r\000v\000i\000c\000e\000\040\000t\000r\000o\000n\000g\000\040\000v\000\362\000n\000g\000\040\0002\0000\000\040\000g\000i\000\342\000y\000\040\000s\000a\000u\000\040\000k\000h\000i\000\040\000h\000o\000\340\000n\000\040\000t\036\245\000t\000\040\000n\000h\036\255\000n\000\040\000d\000i\036\307\000n\000\040\000c\036\243\000m\000\040\000x\000\372\000c\000\040\000v\000\340\000\040\000t\000h\000i\036\277\000t\000\040\000b\036\313\000\040\000c\000\363\000\040\000I\000n\000t\000e\000r\000n\000e\000t\000,\000\040\000n\000h\036\261\000m\000\040\000c\036\243\000i\000\040\000t\000h\000i\036\307\000n\000\040\000h\000o\036\267\000c\000\040\000d\000u\000y\000\040\000t\000r\000\354\000\040\000t\000r\036\241\000n\000g\000\040\000t\000h\000\341\000i\000\040\000c\036\243\000m\000\040\000x\000\372\000c\000\040\000c\036\347\000a\000\040\000n\000g\001\260\036\335\000i\000\040\000d\000\371\000n\000g}{table.24}% 48
\BOOKMARK [3][-]{section*.14}{\376\377\0003\000.\0003\000.\0001\000.\000\040\000U\000s\000e\000\040\000C\000a\000s\000e\000\040\000U\000C\000-\0000\0002\000:\000\040\000G\036\343\000i\000\040\000\375\000\040\000h\000o\036\241\000t\000\040\001\021\036\331\000n\000g\000\040\000v\000\340\000\040\000n\036\331\000i\000\040\000d\000u\000n\000g\000\040\000c\036\243\000i\000\040\000t\000h\000i\036\307\000n\000\040\000t\000\342\000m\000\040\000t\000r\036\241\000n\000g}{figure.caption.13}% 49
\BOOKMARK [3][-]{table.28}{\376\377\000U\000s\000e\000\040\000C\000a\000s\000e\000\040\000D\000i\000a\000g\000r\000a\000m}{figure.caption.13}% 50
\BOOKMARK [3][-]{figure.caption.15}{\376\377\000F\000l\000o\000w\000\040\000C\000h\000a\000r\000t}{figure.caption.13}% 51
\BOOKMARK [3][-]{figure.caption.16}{\376\377\0003\000.\0003\000.\0002\000.\000\040\000U\000s\000e\000\040\000C\000a\000s\000e\000\040\000U\000C\000-\0000\0003\000:\000\040\000L\036\361\000a\000\040\000c\000h\036\315\000n\000\040\000b\000\340\000i\000\040\000h\000\341\000t\000\040\000h\000o\036\267\000c\000\040\000p\000o\000d\000c\000a\000s\000t\000\040\000t\000h\000e\000o\000\040\000c\000h\036\347\000\040\001\021\000\355\000c\000h}{figure.caption.13}% 52
\BOOKMARK [3][-]{table.29}{\376\377\000C\000a\000t\000e\000g\000o\000r\000y\000\040\000n\036\331\000i\000\040\000d\000u\000n\000g}{figure.caption.13}% 53
\BOOKMARK [3][-]{table.30}{\376\377\000U\000s\000e\000\040\000C\000a\000s\000e\000\040\000D\000i\000a\000g\000r\000a\000m}{figure.caption.13}% 54
\BOOKMARK [3][-]{figure.caption.17}{\376\377\000F\000l\000o\000w\000\040\000C\000h\000a\000r\000t}{figure.caption.13}% 55
\BOOKMARK [3][-]{figure.caption.18}{\376\377\0003\000.\0003\000.\0003\000.\000\040\000U\000s\000e\000\040\000C\000a\000s\000e\000\040\000U\000C\000-\0000\0004\000:\000\040\000T\000r\000\362\000\040\000c\000h\000u\000y\036\307\000n\000\040\000h\036\327\000\040\000t\000r\036\343\000\040\000c\036\243\000m\000\040\000x\000\372\000c}{figure.caption.13}% 56
\BOOKMARK [3][-]{table.31}{\376\377\000U\000s\000e\000\040\000C\000a\000s\000e\000\040\000D\000i\000a\000g\000r\000a\000m}{figure.caption.13}% 57
\BOOKMARK [3][-]{figure.caption.19}{\376\377\000F\000l\000o\000w\000\040\000C\000h\000a\000r\000t}{figure.caption.13}% 58
\BOOKMARK [2][-]{figure.caption.20}{\376\377\0003\000.\0004\000.\000\040\000S\000M\000A\000R\000T\000\040\000O\000b\000j\000e\000c\000t\000i\000v\000e\000\040\0003\000:\000\040\000T\036\361\000\040\001\021\036\331\000n\000g\000\040\000t\036\241\000o\000\040\000t\000\363\000m\000\040\000t\036\257\000t\000\040\000t\000h\036\321\000n\000g\000\040\000k\000\352\000\040\000v\000\340\000\040\000p\000h\000\342\000n\000\040\000t\000\355\000c\000h\000\040\000c\036\243\000m\000\040\000x\000\372\000c\000\040\000t\000h\000e\000o\000\040\000n\000g\000\340\000y\000,\000\040\000t\000h\000\341\000n\000g\000\040\000v\000\340\000\040\000n\001\003\000m\000\040\000t\000r\000\352\000n\000\040\000C\000l\000o\000u\000d\000\040\000S\000e\000r\000v\000i\000c\000e\000,\000\040\000s\000a\000u\000\040\001\021\000\363\000\040\000t\000r\036\243\000\040\000k\036\277\000t\000\040\000q\000u\036\243\000\040\000r\000\372\000t\000\040\000g\036\315\000n\000\040\000v\036\301\000\040\000T\000F\000T\000\040\000s\000c\000r\000e\000e\000n\000\040\000t\000r\000o\000n\000g\000\040\000v\000\362\000n\000g\000\040\0001\0008\0000\000\040\000g\000i\000\342\000y\000\040\000s\000a\000u\000\040\000k\000h\000i\000\040\000n\000g\001\260\036\335\000i\000\040\000d\000\371\000n\000g\000\040\000y\000\352\000u\000\040\000c\036\247\000u\000\040\000h\000o\036\267\000c\000\040\000s\000a\000u\000\040\000m\036\331\000t\000\040\000c\000h\000u\000\040\000k\036\363\000\040\001\021\036\323\000n\000g\000\040\000b\036\331}{table.24}% 59
\BOOKMARK [3][-]{section*.21}{\376\377\0003\000.\0004\000.\0001\000.\000\040\000U\000s\000e\000\040\000C\000a\000s\000e\000\040\000U\000C\000-\0000\0005\000:\000\040\000T\000h\036\321\000n\000g\000\040\000k\000\352\000\040\000v\000\340\000\040\000p\000h\000\342\000n\000\040\000t\000\355\000c\000h\000\040\000x\000u\000\040\000h\001\260\036\333\000n\000g\000\040\000c\036\243\000m\000\040\000x\000\372\000c}{figure.caption.20}% 60
\BOOKMARK [3][-]{table.32}{\376\377\000U\000s\000e\000\040\000C\000a\000s\000e\000\040\000D\000i\000a\000g\000r\000a\000m}{figure.caption.20}% 61
\BOOKMARK [3][-]{figure.caption.22}{\376\377\000F\000l\000o\000w\000\040\000C\000h\000a\000r\000t}{figure.caption.20}% 62
\BOOKMARK [2][-]{figure.caption.23}{\376\377\0003\000.\0005\000.\000\040\000B\036\243\000n\000g\000\040\000t\036\325\000n\000g\000\040\000h\036\343\000p\000\040\000u\000s\000e\000\040\000c\000a\000s\000e}{table.24}% 63
\BOOKMARK [1][-]{table.33}{\376\377\0000\0004\000.\000\040\000E\000d\000g\000e\000\040\000A\000I}{}% 64
\BOOKMARK [2][-]{section*.24}{\376\377\0004\000.\0001\000.\000\040\000V\000a\000i\000\040\000t\000r\000\362\000\040\000c\036\347\000a\000\040\000E\000d\000g\000e\000\040\000A\000I\000\040\000t\000r\000o\000n\000g\000\040\000S\000p\000e\000e\000c\000h\000\040\000E\000m\000o\000t\000i\000o\000n\000\040\000R\000e\000c\000o\000g\000n\000i\000t\000i\000o\000n}{table.33}% 65
\BOOKMARK [2][-]{section*.24}{\376\377\0004\000.\0002\000.\000\040\000C\001\241\000\040\000s\036\337\000\040\000t\000h\000a\000m\000\040\000k\000h\036\243\000o\000\040\000k\036\371\000\040\000t\000h\000u\036\255\000t}{table.33}% 66
\BOOKMARK [2][-]{table.34}{\376\377\0004\000.\0003\000.\000\040\000R\000A\000V\000D\000E\000S\000S\000\040\000v\000\340\000\040\000\341\000n\000h\000\040\000x\036\241\000\040\000n\000h\000\343\000n\000\040\000c\036\243\000m\000\040\000x\000\372\000c}{table.33}% 67
\BOOKMARK [2][-]{table.35}{\376\377\0004\000.\0004\000.\000\040\000D\036\357\000\040\000l\000i\036\307\000u\000\040\001\021\036\247\000u\000\040\000v\000\340\000o\000\040\000v\000\340\000\040\001\021\036\247\000u\000\040\000r\000a}{table.33}% 68
\BOOKMARK [2][-]{table.37}{\376\377\0004\000.\0005\000.\000\040\000P\000i\000p\000e\000l\000i\000n\000e\000\040\000S\000E\000R\000\040\000t\000r\000\352\000n\000\040\000E\000d\000g\000e\000\040\000D\000e\000v\000i\000c\000e}{table.33}% 69
\BOOKMARK [2][-]{figure.caption.25}{\376\377\0004\000.\0006\000.\000\040\001\020\036\267\000c\000\040\000t\000r\001\260\000n\000g\000\040\000\342\000m\000\040\000t\000h\000a\000n\000h}{table.33}% 70
\BOOKMARK [2][-]{table.38}{\376\377\0004\000.\0007\000.\000\040\000M\000\364\000\040\000h\000\354\000n\000h\000\040\001\021\036\301\000\040\000x\000u\036\245\000t}{table.33}% 71
\BOOKMARK [2][-]{table.39}{\376\377\0004\000.\0008\000.\000\040\000T\036\255\000p\000\040\000n\000h\000\343\000n\000\040\000s\036\243\000n\000\040\000p\000h\036\251\000m}{table.33}% 72
\BOOKMARK [2][-]{table.40}{\376\377\0004\000.\0009\000.\000\040\000L\000o\000g\000i\000c\000\040\000c\000o\000n\000f\000i\000d\000e\000n\000c\000e\000\040\000v\000\340\000\040\000q\000u\000a\000l\000i\000t\000y\000\040\000f\000l\000a\000g}{table.33}% 73
\BOOKMARK [2][-]{table.41}{\376\377\0004\000.\0001\0000\000.\000\040\001\020\000\341\000n\000h\000\040\000g\000i\000\341\000\040\000m\000\364\000\040\000h\000\354\000n\000h}{table.33}% 74
\BOOKMARK [2][-]{table.42}{\376\377\0004\000.\0001\0001\000.\000\040\000L\001\260\000u\000\040\000t\000r\036\357\000\040\000c\036\345\000c\000\040\000b\036\331}{table.33}% 75
\BOOKMARK [2][-]{table.43}{\376\377\0004\000.\0001\0002\000.\000\040\000Y\000\352\000u\000\040\000c\036\247\000u\000\040\000r\000i\000\352\000n\000g\000\040\000t\001\260\000\040\000v\000\340\000\040\000a\000n\000\040\000t\000o\000\340\000n}{table.33}% 76
\BOOKMARK [1][-]{table.43}{\376\377\0000\0005\000.\000\040\000I\000n\000t\000e\000r\000n\000e\000t\000\040\000S\000e\000r\000v\000i\000c\000e}{}% 77
\BOOKMARK [2][-]{section*.26}{\376\377\0005\000.\0001\000.\000\040\000T\036\325\000n\000g\000\040\000q\000u\000a\000n}{table.43}% 78
\BOOKMARK [2][-]{table.44}{\376\377\0005\000.\0002\000.\000\040\000K\000i\036\277\000n\000\040\000t\000r\000\372\000c\000\040\000I\000n\000t\000e\000r\000n\000e\000t\000\040\000S\000e\000r\000v\000i\000c\000e}{table.43}% 79
\BOOKMARK [2][-]{figure.caption.27}{\376\377\0005\000.\0003\000.\000\040\000T\000h\000i\036\277\000t\000\040\000k\036\277\000\040\000d\000a\000t\000a\000b\000a\000s\000e}{table.43}% 80
\BOOKMARK [3][-]{section*.28}{\376\377\0005\000.\0003\000.\0001\000.\000\040\000B\036\243\000n\000g\000\040\000u\000s\000e\000r\000s}{figure.caption.27}% 81
\BOOKMARK [3][-]{table.45}{\376\377\0005\000.\0003\000.\0002\000.\000\040\000B\036\243\000n\000g\000\040\000d\000e\000v\000i\000c\000e\000s}{figure.caption.27}% 82
\BOOKMARK [3][-]{table.46}{\376\377\0005\000.\0003\000.\0003\000.\000\040\000B\036\243\000n\000g\000\040\000e\000m\000o\000t\000i\000o\000n\000\137\000s\000e\000s\000s\000i\000o\000n\000s}{figure.caption.27}% 83
\BOOKMARK [3][-]{table.47}{\376\377\0005\000.\0003\000.\0004\000.\000\040\000B\036\243\000n\000g\000\040\000r\000e\000c\000o\000m\000m\000e\000n\000d\000a\000t\000i\000o\000n\000\137\000r\000e\000q\000u\000e\000s\000t\000s}{figure.caption.27}% 84
\BOOKMARK [3][-]{table.48}{\376\377\0005\000.\0003\000.\0005\000.\000\040\000B\036\243\000n\000g\000\040\000a\000c\000t\000i\000v\000i\000t\000y\000\137\000f\000e\000e\000d\000b\000a\000c\000k}{figure.caption.27}% 85
\BOOKMARK [3][-]{table.49}{\376\377\0005\000.\0003\000.\0006\000.\000\040\000B\036\243\000n\000g\000\040\000c\000o\000n\000v\000e\000r\000s\000a\000t\000i\000o\000n\000\137\000r\000e\000q\000u\000e\000s\000t\000s}{figure.caption.27}% 86
\BOOKMARK [3][-]{table.50}{\376\377\0005\000.\0003\000.\0007\000.\000\040\000B\036\243\000n\000g\000\040\000t\000f\000t\000\137\000r\000e\000p\000o\000r\000t\000s}{figure.caption.27}% 87
\BOOKMARK [2][-]{table.51}{\376\377\0005\000.\0004\000.\000\040\000A\000P\000I\000\040\000c\000h\000o\000\040\000E\000d\000g\000e\000\040\000D\000e\000v\000i\000c\000e}{table.43}% 88
\BOOKMARK [2][-]{table.52}{\376\377\0005\000.\0005\000.\000\040\000M\000e\000d\000i\000a\000\040\000d\000a\000t\000a\000b\000a\000s\000e\000\040\000v\000\340\000\040\000c\000a\000t\000e\000g\000o\000r\000i\000e\000s}{table.43}% 89
\BOOKMARK [3][-]{section*.29}{\376\377\0005\000.\0005\000.\0001\000.\000\040\000B\036\243\000n\000g\000\040\000m\000e\000d\000i\000a\000\137\000i\000t\000e\000m\000s}{table.52}% 90
\BOOKMARK [3][-]{table.53}{\376\377\0005\000.\0005\000.\0002\000.\000\040\000B\036\243\000n\000g\000\040\000m\000e\000d\000i\000a\000\137\000s\000e\000l\000e\000c\000t\000i\000o\000n\000\137\000l\000o\000g\000s}{table.52}% 91
\BOOKMARK [3][-]{table.54}{\376\377\0005\000.\0005\000.\0003\000.\000\040\000M\000e\000d\000i\000a\000\040\000c\000a\000t\000e\000g\000o\000r\000i\000e\000s}{table.52}% 92
\BOOKMARK [2][-]{table.55}{\376\377\0005\000.\0006\000.\000\040\000F\000l\000o\000w\000\040\000t\001\260\001\241\000n\000g\000\040\000t\000\341\000c\000\040\000E\000d\000g\000e\000-\000C\000l\000o\000u\000d\000-\000T\000F\000T}{table.43}% 93
\BOOKMARK [2][-]{figure.caption.30}{\376\377\0005\000.\0007\000.\000\040\000F\000l\000o\000w\000\040\000t\036\241\000o\000\040\000b\000\341\000o\000\040\000c\000\341\000o\000\040\000T\000F\000T}{table.43}% 94
\BOOKMARK [2][-]{figure.caption.31}{\376\377\0005\000.\0008\000.\000\040\000Q\000u\000y\000\040\000t\036\257\000c\000\040\000t\000r\000i\036\303\000n\000\040\000k\000h\000a\000i\000\040\000A\000P\000I}{table.43}% 95
\BOOKMARK [1][-]{figure.caption.31}{\376\377\0000\0006\000.\000\040\000F\000u\000n\000c\000t\000i\000o\000n\000a\000l\000\040\000R\000e\000q\000u\000i\000r\000e\000m\000e\000n\000t}{}% 96
\BOOKMARK [2][-]{section*.32}{\376\377\0006\000.\0001\000.\000\040\000T\036\325\000n\000g\000\040\000q\000u\000a\000n}{figure.caption.31}% 97
\BOOKMARK [2][-]{section*.32}{\376\377\0006\000.\0002\000.\000\040\000N\000h\000\363\000m\000\040\000c\000h\036\351\000c\000\040\000n\001\003\000n\000g\000\040\000n\000h\036\255\000n\000\040\000d\000i\036\307\000n\000\040\000c\036\243\000m\000\040\000x\000\372\000c\000\040\000t\000r\000\352\000n\000\040\000E\000d\000g\000e}{figure.caption.31}% 98
\BOOKMARK [2][-]{table.56}{\376\377\0006\000.\0003\000.\000\040\000N\000h\000\363\000m\000\040\000c\000h\036\351\000c\000\040\000n\001\003\000n\000g\000\040\001\021\036\323\000n\000g\000\040\000b\036\331\000\040\000n\036\301\000n\000\040\000t\036\243\000n\000g}{figure.caption.31}% 99
\BOOKMARK [2][-]{table.57}{\376\377\0006\000.\0004\000.\000\040\000N\000h\000\363\000m\000\040\000c\000h\036\351\000c\000\040\000n\001\003\000n\000g\000\040\000g\036\343\000i\000\040\000\375\000\040\000h\000o\036\241\000t\000\040\001\021\036\331\000n\000g\000\040\000v\000\340\000\040\000n\036\331\000i\000\040\000d\000u\000n\000g\000\040\000q\000u\000a\000\040\000C\000l\000o\000u\000d}{figure.caption.31}% 100
\BOOKMARK [2][-]{table.58}{\376\377\0006\000.\0005\000.\000\040\000N\000h\000\363\000m\000\040\000c\000h\036\351\000c\000\040\000n\001\003\000n\000g\000\040\000l\036\361\000a\000\040\000c\000h\036\315\000n\000\040\000b\000\340\000i\000\040\000h\000\341\000t\000\040\000h\000o\036\267\000c\000\040\000p\000o\000d\000c\000a\000s\000t\000\040\000t\000h\000e\000o\000\040\000c\000h\036\347\000\040\001\021\000\355\000c\000h}{figure.caption.31}% 101
\BOOKMARK [2][-]{table.59}{\376\377\0006\000.\0006\000.\000\040\000N\000h\000\363\000m\000\040\000c\000h\036\351\000c\000\040\000n\001\003\000n\000g\000\040\000t\000r\000\362\000\040\000c\000h\000u\000y\036\307\000n\000\040\000h\036\327\000\040\000t\000r\036\343\000\040\000q\000u\000a\000\040\000C\000l\000o\000u\000d}{figure.caption.31}% 102
\BOOKMARK [2][-]{table.60}{\376\377\0006\000.\0007\000.\000\040\000N\000h\000\363\000m\000\040\000c\000h\036\351\000c\000\040\000n\001\003\000n\000g\000\040\000b\000\341\000o\000\040\000c\000\341\000o\000\040\000t\000r\000\352\000n\000\040\000T\000F\000T\000\040\000q\000u\000a\000\040\000C\000l\000o\000u\000d}{figure.caption.31}% 103
\BOOKMARK [2][-]{table.61}{\376\377\0006\000.\0008\000.\000\040\000N\000h\000\363\000m\000\040\000c\000h\036\351\000c\000\040\000n\001\003\000n\000g\000\040\000q\000u\036\243\000n\000\040\000l\000\375\000\040\000d\036\357\000\040\000l\000i\036\307\000u\000\040\000n\000g\001\260\036\335\000i\000\040\000d\000\371\000n\000g}{figure.caption.31}% 104
\BOOKMARK [2][-]{table.62}{\376\377\0006\000.\0009\000.\000\040\000T\000r\000a\000c\000e\000a\000b\000i\000l\000i\000t\000y\000\040\000M\000a\000t\000r\000i\000x}{figure.caption.31}% 105
\BOOKMARK [2][-]{table.63}{\376\377\0006\000.\0001\0000\000.\000\040\000R\000e\000q\000u\000i\000r\000e\000m\000e\000n\000t\000\040\000D\000o\000m\000a\000i\000n\000\040\000S\000u\000m\000m\000a\000r\000y}{figure.caption.31}% 106
\BOOKMARK [1][-]{table.64}{\376\377\0000\0007\000.\000\040\000N\000o\000n\000-\000F\000u\000n\000c\000t\000i\000o\000n\000a\000l\000\040\000R\000e\000q\000u\000i\000r\000e\000m\000e\000n\000t}{}% 107
\BOOKMARK [2][-]{section*.33}{\376\377\0007\000.\0001\000.\000\040\000T\036\325\000n\000g\000\040\000q\000u\000a\000n}{table.64}% 108
\BOOKMARK [2][-]{section*.33}{\376\377\0007\000.\0002\000.\000\040\000H\000i\036\307\000u\000\040\000n\001\003\000n\000g}{table.64}% 109
\BOOKMARK [2][-]{table.65}{\376\377\0007\000.\0003\000.\000\040\001\020\036\331\000\040\000t\000i\000n\000\040\000c\036\255\000y\000\040\000v\000\340\000\040\000k\000h\036\243\000\040\000d\036\345\000n\000g}{table.64}% 110
\BOOKMARK [2][-]{table.66}{\376\377\0007\000.\0004\000.\000\040\000B\036\243\000o\000\040\000m\036\255\000t\000\040\000v\000\340\000\040\000q\000u\000y\036\301\000n\000\040\000r\000i\000\352\000n\000g\000\040\000t\001\260}{table.64}% 111
\BOOKMARK [2][-]{table.67}{\376\377\0007\000.\0005\000.\000\040\000A\000n\000\040\000t\000o\000\340\000n\000\040\000c\036\243\000m\000\040\000x\000\372\000c}{table.64}% 112
\BOOKMARK [2][-]{table.68}{\376\377\0007\000.\0006\000.\000\040\000K\000h\036\243\000\040\000d\036\345\000n\000g\000\040\000v\000\340\000\040\000t\000r\036\243\000i\000\040\000n\000g\000h\000i\036\307\000m\000\040\000T\000F\000T}{table.64}% 113
\BOOKMARK [2][-]{table.69}{\376\377\0007\000.\0007\000.\000\040\000K\000h\036\243\000\040\000n\001\003\000n\000g\000\040\000b\036\243\000o\000\040\000t\000r\000\354\000\040\000v\000\340\000\040\000m\036\337\000\040\000r\036\331\000n\000g}{table.64}% 114
\BOOKMARK [1][-]{table.70}{\376\377\0000\0008\000.\000\040\000U\000s\000e\000r\000\040\000M\000a\000n\000u\000a\000l}{}% 115
\BOOKMARK [2][-]{section*.34}{\376\377\0008\000.\0001\000.\000\040\000T\036\325\000n\000g\000\040\000q\000u\000a\000n}{table.70}% 116
\BOOKMARK [2][-]{section*.34}{\376\377\0008\000.\0002\000.\000\040\000L\000u\036\323\000n\000g\000\040\000m\000\340\000n\000\040\000h\000\354\000n\000h\000\040\000t\000h\000i\036\277\000t\000\040\000b\036\313}{table.70}% 117
\BOOKMARK [2][-]{table.71}{\376\377\0008\000.\0003\000.\000\040\000T\000h\000i\036\277\000t\000\040\000l\036\255\000p\000\040\000l\036\247\000n\000\040\001\021\036\247\000u}{table.70}% 118
\BOOKMARK [2][-]{table.72}{\376\377\0008\000.\0004\000.\000\040\000C\000h\000e\000c\000k\000-\000i\000n\000\040\000c\036\243\000m\000\040\000x\000\372\000c\000\040\000b\036\261\000n\000g\000\040\000g\000i\036\315\000n\000g\000\040\000n\000\363\000i}{table.70}% 119
\BOOKMARK [2][-]{table.74}{\376\377\0008\000.\0005\000.\000\040\000S\036\355\000\040\000d\036\345\000n\000g\000\040\000g\036\343\000i\000\040\000\375\000\040\000h\000o\036\241\000t\000\040\001\021\036\331\000n\000g\000\040\000v\000\340\000\040\000n\036\331\000i\000\040\000d\000u\000n\000g\000\040\000q\000u\000a\000\040\000C\000l\000o\000u\000d}{table.70}% 120
\BOOKMARK [2][-]{table.75}{\376\377\0008\000.\0006\000.\000\040\000C\000h\036\315\000n\000\040\000b\000\340\000i\000\040\000h\000\341\000t\000\040\000h\000o\036\267\000c\000\040\000p\000o\000d\000c\000a\000s\000t\000\040\000t\000h\000e\000o\000\040\000c\000h\036\347\000\040\001\021\000\355\000c\000h}{table.70}% 121
\BOOKMARK [2][-]{table.77}{\376\377\0008\000.\0007\000.\000\040\000S\036\355\000\040\000d\036\345\000n\000g\000\040\000t\000r\000\362\000\040\000c\000h\000u\000y\036\307\000n\000\040\000h\036\327\000\040\000t\000r\036\343\000\040\000c\036\243\000m\000\040\000x\000\372\000c\000\040\000q\000u\000a\000\040\000C\000l\000o\000u\000d}{table.70}% 122
\BOOKMARK [2][-]{table.78}{\376\377\0008\000.\0008\000.\000\040\000X\000e\000m\000\040\000t\000r\036\241\000n\000g\000\040\000t\000h\000\341\000i\000\040\001\021\036\323\000n\000g\000\040\000b\036\331}{table.70}% 123
\BOOKMARK [2][-]{table.79}{\376\377\0008\000.\0009\000.\000\040\000X\000e\000m\000\040\000b\000\341\000o\000\040\000c\000\341\000o\000\040\000t\000r\000\352\000n\000\040\000T\000F\000T}{table.70}% 124
\BOOKMARK [2][-]{table.82}{\376\377\0008\000.\0001\0000\000.\000\040\000X\036\355\000\040\000l\000\375\000\040\000s\036\361\000\040\000c\036\321}{table.70}% 125
\BOOKMARK [1][-]{table.83}{\376\377\0000\0009\000.\000\040\000C\000o\000n\000c\000l\000u\000s\000i\000o\000n}{}% 126
\BOOKMARK [2][-]{section*.35}{\376\377\0009\000.\0001\000.\000\040\000T\036\325\000n\000g\000\040\000k\036\277\000t}{table.83}% 127
\BOOKMARK [2][-]{section*.35}{\376\377\0009\000.\0002\000.\000\040\000M\036\351\000c\000\040\001\021\036\331\000\040\001\021\000\341\000p\000\040\036\351\000n\000g\000\040\000m\036\345\000c\000\040\000t\000i\000\352\000u}{table.83}% 128
\BOOKMARK [2][-]{table.84}{\376\377\0009\000.\0003\000.\000\040\000L\036\343\000i\000\040\000\355\000c\000h\000\040\000k\036\363\000\040\000v\036\315\000n\000g}{table.83}% 129
\BOOKMARK [2][-]{table.85}{\376\377\0009\000.\0004\000.\000\040\000G\000i\036\333\000i\000\040\000h\036\241\000n\000\040\000h\000i\036\307\000n\000\040\000t\036\241\000i}{table.83}% 130
\BOOKMARK [2][-]{table.86}{\376\377\0009\000.\0005\000.\000\040\000H\001\260\036\333\000n\000g\000\040\000p\000h\000\341\000t\000\040\000t\000r\000i\036\303\000n}{table.83}% 131
\BOOKMARK [2][-]{table.87}{\376\377\0009\000.\0006\000.\000\040\000F\000o\000r\000w\000a\000r\000d\000\040\000P\000l\000a\000n\000s\000\040\000v\000\340\000\040\000M\000i\000l\000e\000s\000t\000o\000n\000e\000s}{table.83}% 132
\BOOKMARK [2][-]{table.88}{\376\377\0009\000.\0007\000.\000\040\000K\036\277\000t\000\040\000l\000u\036\255\000n}{table.83}% 133
\BOOKMARK [1][-]{table.88}{\376\377\0001\0000\000.\000\040\000A\000p\000p\000e\000n\000d\000i\000x\000\040\000\046\000\040\000R\000e\000f\000e\000r\000e\000n\000c\000e}{}% 134
\BOOKMARK [2][-]{section*.36}{\376\377\0001\0000\000.\0001\000.\000\040\000T\000h\000u\036\255\000t\000\040\000n\000g\036\357}{table.88}% 135
\BOOKMARK [2][-]{table.89}{\376\377\0001\0000\000.\0002\000.\000\040\000B\036\243\000n\000g\000\040\000t\000h\000a\000m\000\040\000c\000h\000i\036\277\000u\000\040\000u\000s\000e\000\040\000c\000a\000s\000e}{table.88}% 136
\BOOKMARK [2][-]{table.90}{\376\377\0001\0000\000.\0003\000.\000\040\000E\000m\000o\000t\000i\000o\000n\000\040\000s\000e\000s\000s\000i\000o\000n\000\040\000s\000c\000h\000e\000m\000a}{table.88}% 137
\BOOKMARK [2][-]{table.91}{\376\377\0001\0000\000.\0004\000.\000\040\000T\000h\001\260\000\040\000v\000i\036\307\000n\000\040\000h\000o\036\241\000t\000\040\001\021\036\331\000n\000g\000\040\000m\036\253\000u}{table.88}% 138
\BOOKMARK [2][-]{table.92}{\376\377\0001\0000\000.\0005\000.\000\040\000M\000e\000d\000i\000a\000\040\000c\000a\000t\000e\000g\000o\000r\000y\000\040\000m\036\253\000u}{table.88}% 139
\BOOKMARK [2][-]{table.93}{\376\377\0001\0000\000.\0006\000.\000\040\000A\000P\000I\000\040\000s\000u\000m\000m\000a\000r\000y\000\040\000c\000h\000o\000\040\000E\000d\000g\000e\000\040\000D\000e\000v\000i\000c\000e}{table.88}% 140
\BOOKMARK [2][-]{table.94}{\376\377\0001\0000\000.\0007\000.\000\040\000S\000c\000r\000e\000e\000n\000\040\000f\000l\000o\000w\000\040\000p\000h\036\247\000n\000\040\000c\036\351\000n\000g}{table.88}% 141
\BOOKMARK [2][-]{table.95}{\376\377\0001\0000\000.\0008\000.\000\040\000T\000h\000a\000m\000\040\000c\000h\000i\036\277\000u\000\040\000p\000h\036\247\000n\000\040\000c\036\351\000n\000g}{table.88}% 142
\BOOKMARK [2][-]{table.96}{\376\377\0001\0000\000.\0009\000.\000\040\000O\000t\000h\000e\000r\000\040\000R\000e\000q\000u\000i\000r\000e\000m\000e\000n\000t\000s\000:\000\040\000M\000e\000t\000a\000d\000a\000t\000a\000\040\000v\000\340\000\040\000S\000u\000p\000p\000o\000r\000t\000e\000d\000\040\000D\000a\000t\000a\000\040\000F\000o\000r\000m\000a\000t\000s}{table.88}% 143
\BOOKMARK [3][-]{section*.37}{\376\377\0001\0000\000.\0009\000.\0001\000.\000\040\000R\000e\000q\000u\000i\000r\000e\000d\000\040\000m\000e\000t\000a\000d\000a\000t\000a}{table.96}% 144
\BOOKMARK [3][-]{table.97}{\376\377\0001\0000\000.\0009\000.\0002\000.\000\040\000S\000u\000p\000p\000o\000r\000t\000e\000d\000\040\000d\000a\000t\000a\000\040\000f\000o\000r\000m\000a\000t\000s}{table.96}% 145
\BOOKMARK [2][-]{table.98}{\376\377\0001\0000\000.\0001\0000\000.\000\040\000R\000e\000f\000e\000r\000e\000n\000c\000e\000s}{table.88}% 146
