\BOOKMARK [1][-]{Doc-Start}{\376\377\000T\000h\000\364\000n\000g\000\040\000t\000i\000n\000\040\000t\000\340\000i\000\040\000l\000i\036\307\000u}{}% 1
\BOOKMARK [1][-]{section.1}{\376\377\000B\036\321\000i\000\040\000c\036\243\000n\000h}{}% 2
\BOOKMARK [2][-]{subsection.1.1}{\376\377\000T\036\325\000n\000g\000\040\000q\000u\000a\000n\000\040\000s\036\243\000n\000\040\000p\000h\036\251\000m}{section.1}% 3
\BOOKMARK [2][-]{subsection.1.2}{\376\377\001\020\036\331\000n\000g\000\040\000l\036\361\000c\000\040\000p\000h\000\341\000t\000\040\000t\000r\000i\036\303\000n}{section.1}% 4
\BOOKMARK [2][-]{subsection.1.3}{\376\377\000C\036\243\000m\000\040\000h\036\351\000n\000g\000:\000\040\000E\000M\000O\000\040\000D\000e\000s\000k\000t\000o\000p\000\040\000A\000I\000o\000T\000\040\000C\000o\000m\000p\000a\000n\000i\000o\000n}{section.1}% 5
\BOOKMARK [2][-]{subsection.1.4}{\376\377\001\020\036\321\000i\000\040\000t\001\260\036\343\000n\000g\000\040\000n\000g\001\260\036\335\000i\000\040\000d\000\371\000n\000g}{section.1}% 6
\BOOKMARK [2][-]{subsection.1.5}{\376\377\000S\000o\000\040\000s\000\341\000n\000h\000\040\000v\036\333\000i\000\040\000s\036\243\000n\000\040\000p\000h\036\251\000m\000\040\000h\000i\036\307\000n\000\040\000c\000\363}{section.1}% 7
\BOOKMARK [3][-]{subsubsection.1.5.1}{\376\377\036\350\000n\000g\000\040\000d\036\345\000n\000g\000\040\000t\000r\000\352\000n\000\040\001\021\000i\036\307\000n\000\040\000t\000h\000o\036\241\000i}{subsection.1.5}% 8
\BOOKMARK [3][-]{subsubsection.1.5.2}{\376\377\001\020\036\323\000n\000g\000\040\000h\036\323\000\040\000t\000h\000\364\000n\000g\000\040\000m\000i\000n\000h}{subsection.1.5}% 9
\BOOKMARK [3][-]{subsubsection.1.5.3}{\376\377\001\020\036\323\000n\000g\000\040\000h\036\323\000\040\000P\000o\000m\000o\000d\000o\000r\000o\000\040\000t\000r\000u\000y\036\301\000n\000\040\000t\000h\036\321\000n\000g}{subsection.1.5}% 10
\BOOKMARK [3][-]{subsubsection.1.5.4}{\376\377\000T\000h\000i\036\277\000t\000\040\000b\036\313\000\040\000A\000I\000o\000T\000\040\000c\000o\000m\000p\000a\000n\000i\000o\000n\000\040\001\021\036\303\000\040\000b\000\340\000n}{subsection.1.5}% 11
\BOOKMARK [3][-]{subsubsection.1.5.5}{\376\377\036\350\000n\000g\000\040\000d\036\345\000n\000g\000\040\000t\000h\000e\000o\000\040\000d\000\365\000i\000\040\000g\000i\036\245\000c\000\040\000n\000g\036\347}{subsection.1.5}% 12
\BOOKMARK [3][-]{subsubsection.1.5.6}{\376\377\001\257\000u\000\040\001\021\000i\036\303\000m\000\040\000c\036\347\000a\000\040\000S\000o\000m\000n\000i\000L\000e\000a\000r\000n\000A\000I}{subsection.1.5}% 13
\BOOKMARK [1][-]{section.2}{\376\377\000K\000i\036\277\000n\000\040\000t\000r\000\372\000c\000\040\000v\000\340\000\040\000P\000h\036\247\000n\000\040\000c\036\351\000n\000g}{}% 14
\BOOKMARK [2][-]{subsection.2.1}{\376\377\000K\000i\036\277\000n\000\040\000t\000r\000\372\000c\000\040\000h\036\307\000\040\000t\000h\036\321\000n\000g}{section.2}% 15
\BOOKMARK [3][-]{subsubsection.2.1.1}{\376\377\000K\036\277\000t\000\040\000n\036\321\000i\000\040\000E\000d\000g\000e\040\023\000S\000e\000r\000v\000e\000r\040\023\000D\000a\000s\000h\000b\000o\000a\000r\000d}{subsection.2.1}% 16
\BOOKMARK [3][-]{subsubsection.2.1.2}{\376\377\000L\000u\036\323\000n\000g\000\040\000d\036\357\000\040\000l\000i\036\307\000u}{subsection.2.1}% 17
\BOOKMARK [3][-]{subsubsection.2.1.3}{\376\377\000H\000\340\000n\000h\000\040\000v\000i\000\040\000o\000n\000l\000i\000n\000e\000\040\000v\000\340\000\040\000o\000f\000f\000l\000i\000n\000e}{subsection.2.1}% 18
\BOOKMARK [2][-]{subsection.2.2}{\376\377\000P\000h\036\247\000n\000\040\000c\036\351\000n\000g}{section.2}% 19
\BOOKMARK [2][-]{subsection.2.3}{\376\377\000V\000a\000i\000\040\000t\000r\000\362\000\040\000p\000h\036\247\000n\000\040\000c\036\351\000n\000g}{section.2}% 20
\BOOKMARK [2][-]{subsection.2.4}{\376\377\000C\000\342\000n\000\040\000n\000h\036\257\000c\000\040\000t\000h\000i\036\277\000t\000\040\000k\036\277}{section.2}% 21
\BOOKMARK [1][-]{section.3}{\376\377\000M\036\345\000c\000\040\000t\000i\000\352\000u}{}% 22
\BOOKMARK [2][-]{subsection.3.1}{\376\377\000T\036\325\000n\000g\000\040\000q\000u\000a\000n}{section.3}% 23
\BOOKMARK [2][-]{subsection.3.2}{\376\377\000O\000b\000j\000e\000c\000t\000i\000v\000e\000\040\0001}{section.3}% 24
\BOOKMARK [3][-]{subsubsection.3.2.1}{\376\377\000U\000s\000e\000\040\000C\000a\000s\000e\000\040\0001\000:\000\040\000P\000o\000m\000o\000d\000o\000r\000o\000\040\000T\000i\000m\000e\000r}{subsection.3.2}% 25
\BOOKMARK [3][-]{subsubsection.3.2.2}{\376\377\000U\000s\000e\000\040\000C\000a\000s\000e\000\040\0002\000:\000\040\000S\000e\000m\000i\000n\000a\000r\000\040\000P\000r\000a\000c\000t\000i\000c\000e}{subsection.3.2}% 26
\BOOKMARK [2][-]{subsection.3.3}{\376\377\000O\000b\000j\000e\000c\000t\000i\000v\000e\000\040\0002}{section.3}% 27
\BOOKMARK [3][-]{subsubsection.3.3.1}{\376\377\000U\000s\000e\000\040\000C\000a\000s\000e\000\040\0001\000:\000\040\000S\000l\000e\000e\000p\000\040\000M\000o\000n\000i\000t\000o\000r\000i\000n\000g\000\040\000E\000d\000g\000e\000\040\000A\000I}{subsection.3.3}% 28
\BOOKMARK [3][-]{subsubsection.3.3.2}{\376\377\000U\000s\000e\000\040\000C\000a\000s\000e\000\040\0002\000:\000\040\000A\000l\000a\000r\000m\000\040\000S\000e\000t\000t\000i\000n\000g}{subsection.3.3}% 29
\BOOKMARK [2][-]{subsection.3.4}{\376\377\000O\000b\000j\000e\000c\000t\000i\000v\000e\000\040\0003}{section.3}% 30
\BOOKMARK [2][-]{subsection.3.5}{\376\377\000T\000\363\000m\000\040\000t\036\257\000t\000\040\000u\000s\000e\000\040\000c\000a\000s\000e}{section.3}% 31
\BOOKMARK [1][-]{section.4}{\376\377\000E\000d\000g\000e\000\040\000A\000I\000:\000\040\000Q\000u\000a\000n\000\040\000s\000\341\000t\000\040\000g\000i\036\245\000c\000\040\000n\000g\036\347}{}% 32
\BOOKMARK [2][-]{subsection.4.1}{\376\377\000T\036\325\000n\000g\000\040\000q\000u\000a\000n}{section.4}% 33
\BOOKMARK [2][-]{subsection.4.2}{\376\377\000B\000\340\000i\000\040\000t\000o\000\341\000n\000\040\000q\000u\000a\000n\000\040\000s\000\341\000t\000\040\000g\000i\036\245\000c\000\040\000n\000g\036\347}{section.4}% 34
\BOOKMARK [2][-]{subsection.4.3}{\376\377\000D\036\357\000\040\000l\000i\036\307\000u\000\040\001\021\036\247\000u\000\040\000v\000\340\000o}{section.4}% 35
\BOOKMARK [2][-]{subsection.4.4}{\376\377\001\020\036\247\000u\000\040\000r\000a\000\040\000m\000o\000n\000g\000\040\001\021\036\343\000i}{section.4}% 36
\BOOKMARK [2][-]{subsection.4.5}{\376\377\000P\000i\000p\000e\000l\000i\000n\000e\000\040\000x\036\355\000\040\000l\000\375\000\040\000S\000l\000e\000e\000p\000\040\000E\000d\000g\000e\000\040\000A\000I}{section.4}% 37
\BOOKMARK [2][-]{subsection.4.6}{\376\377\000T\000h\000i\036\277\000t\000\040\000k\036\277\000\040\000s\000u\000y\000\040\000l\000u\036\255\000n\000\040\000r\000u\000l\000e\000-\000b\000a\000s\000e\000d}{section.4}% 38
\BOOKMARK [2][-]{subsection.4.7}{\376\377\000H\001\260\036\333\000n\000g\000\040\000m\036\337\000\040\000r\036\331\000n\000g\000\040\000R\000E\000M\000/\000N\000R\000E\000M}{section.4}% 39
\BOOKMARK [2][-]{subsection.4.8}{\376\377\000R\000a\000n\000h\000\040\000g\000i\036\333\000i\000\040\000E\000d\000g\000e\040\023\000S\000e\000r\000v\000e\000r}{section.4}% 40
\BOOKMARK [2][-]{subsection.4.9}{\376\377\000G\000i\036\333\000i\000\040\000h\036\241\000n}{section.4}% 41
\BOOKMARK [1][-]{section.5}{\376\377\000I\000n\000t\000e\000r\000n\000e\000t\000\040\000S\000e\000r\000v\000i\000c\000e\000:\000\040\000D\000a\000s\000h\000b\000o\000a\000r\000d\000\040\000Q\000u\000a\000n\000\040\000s\000\341\000t}{}% 42
\BOOKMARK [2][-]{subsection.5.1}{\376\377\000T\036\325\000n\000g\000\040\000q\000u\000a\000n}{section.5}% 43
\BOOKMARK [2][-]{subsection.5.2}{\376\377\000M\000\364\000\040\000h\000\354\000n\000h\000\040\000d\036\357\000\040\000l\000i\036\307\000u\000\040\000p\000h\000i\000\352\000n}{section.5}% 44
\BOOKMARK [3][-]{subsubsection.5.2.1}{\376\377\000S\000t\000u\000d\000y\000\040\000S\000e\000s\000s\000i\000o\000n}{subsection.5.2}% 45
\BOOKMARK [3][-]{subsubsection.5.2.2}{\376\377\000S\000l\000e\000e\000p\000\040\000S\000e\000s\000s\000i\000o\000n}{subsection.5.2}% 46
\BOOKMARK [3][-]{subsubsection.5.2.3}{\376\377\000P\000r\000e\000s\000e\000n\000t\000a\000t\000i\000o\000n\000\040\000S\000e\000s\000s\000i\000o\000n}{subsection.5.2}% 47
\BOOKMARK [2][-]{subsection.5.3}{\376\377\000C\000\341\000c\000\040\000k\000h\000u\000\040\000v\036\361\000c\000\040\000q\000u\000a\000n\000\040\000s\000\341\000t\000\040\000t\000r\000\352\000n\000\040\000d\000a\000s\000h\000b\000o\000a\000r\000d}{section.5}% 48
\BOOKMARK [3][-]{subsubsection.5.3.1}{\376\377\000S\000t\000u\000d\000y\000\040\000O\000b\000s\000e\000r\000v\000a\000t\000i\000o\000n}{subsection.5.3}% 49
\BOOKMARK [3][-]{subsubsection.5.3.2}{\376\377\000S\000l\000e\000e\000p\000\040\000O\000b\000s\000e\000r\000v\000a\000t\000i\000o\000n}{subsection.5.3}% 50
\BOOKMARK [3][-]{subsubsection.5.3.3}{\376\377\000P\000r\000e\000s\000e\000n\000t\000a\000t\000i\000o\000n\000\040\000O\000b\000s\000e\000r\000v\000a\000t\000i\000o\000n}{subsection.5.3}% 51
\BOOKMARK [2][-]{subsection.5.4}{\376\377\000C\000h\036\245\000m\000\040\001\021\000i\036\303\000m\000\040\000t\000h\000u\000y\036\277\000t\000\040\000t\000r\000\354\000n\000h\000\040\000q\000u\000a\000\040\000S\000e\000r\000v\000e\000r}{section.5}% 52
\BOOKMARK [2][-]{subsection.5.5}{\376\377\000L\000u\036\323\000n\000g\000\040\001\021\036\323\000n\000g\000\040\000b\036\331}{section.5}% 53
\BOOKMARK [2][-]{subsection.5.6}{\376\377\000L\001\260\000u\000\040\000\375\000\040\000b\036\243\000o\000\040\000m\036\255\000t\000\040\000v\000\340\000\040\000r\000i\000\352\000n\000g\000\040\000t\001\260}{section.5}% 54
\BOOKMARK [1][-]{section.6}{\376\377\000H\001\260\036\333\000n\000g\000\040\000d\036\253\000n\000\040\000s\036\355\000\040\000d\036\345\000n\000g}{}% 55
\BOOKMARK [2][-]{subsection.6.1}{\376\377\000T\036\325\000n\000g\000\040\000q\000u\000a\000n}{section.6}% 56
\BOOKMARK [2][-]{subsection.6.2}{\376\377\000B\036\321\000\040\000t\000r\000\355\000\040\000n\000\372\000t\000\040\000b\036\245\000m}{section.6}% 57
\BOOKMARK [2][-]{subsection.6.3}{\376\377\000C\000\340\000i\000\040\001\021\036\267\000t\000\040\000k\036\277\000t\000\040\000n\036\321\000i\000\040\000I\000n\000t\000e\000r\000n\000e\000t}{section.6}% 58
\BOOKMARK [2][-]{subsection.6.4}{\376\377\000M\000\340\000n\000\040\000h\000\354\000n\000h\000\040\000H\000o\000m\000e}{section.6}% 59
\BOOKMARK [2][-]{subsection.6.5}{\376\377\000S\000t\000u\000d\000y\000\040\000M\000o\000d\000e\000\040\000f\000o\000r\000\040\000O\000b\000j\000e\000c\000t\000i\000v\000e\000\040\0001}{section.6}% 60
\BOOKMARK [3][-]{subsubsection.6.5.1}{\376\377\000P\000o\000m\000o\000d\000o\000r\000o\000\040\000T\000i\000m\000e\000r}{subsection.6.5}% 61
\BOOKMARK [3][-]{subsubsection.6.5.2}{\376\377\000S\000e\000m\000i\000n\000a\000r\000\040\000P\000r\000a\000c\000t\000i\000c\000e}{subsection.6.5}% 62
\BOOKMARK [2][-]{subsection.6.6}{\376\377\000S\000l\000e\000e\000p\000\040\000M\000o\000d\000e\000\040\000f\000o\000r\000\040\000O\000b\000j\000e\000c\000t\000i\000v\000e\000\040\0002}{section.6}% 63
\BOOKMARK [3][-]{subsubsection.6.6.1}{\376\377\000S\000l\000e\000e\000p\000\040\000M\000o\000n\000i\000t\000o\000r\000i\000n\000g\000\040\000E\000d\000g\000e\000\040\000A\000I}{subsection.6.6}% 64
\BOOKMARK [3][-]{subsubsection.6.6.2}{\376\377\000A\000l\000a\000r\000m\000\040\000S\000e\000t\000t\000i\000n\000g}{subsection.6.6}% 65
\BOOKMARK [2][-]{subsection.6.7}{\376\377\000S\000t\000a\000t\000u\000s\000\040\000S\000c\000r\000e\000e\000n}{section.6}% 66
\BOOKMARK [2][-]{subsection.6.8}{\376\377\000D\000a\000s\000h\000b\000o\000a\000r\000d\000\040\000f\000o\000r\000\040\000O\000b\000j\000e\000c\000t\000i\000v\000e\000\040\0003}{section.6}% 67
\BOOKMARK [2][-]{subsection.6.9}{\376\377\000L\001\260\000u\000\040\000\375\000\040\000s\036\355\000\040\000d\036\345\000n\000g}{section.6}% 68
\BOOKMARK [1][-]{section.7}{\376\377\000T\036\325\000n\000g\000\040\000k\036\277\000t}{}% 69
\BOOKMARK [2][-]{subsection.7.1}{\376\377\000T\000\363\000m\000\040\000t\036\257\000t\000\040\000d\036\361\000\040\000\341\000n}{section.7}% 70
\BOOKMARK [2][-]{subsection.7.2}{\376\377\000M\036\345\000c\000\040\000t\000i\000\352\000u\000\040\001\021\000\343\000\040\001\021\036\241\000t\000\040\001\021\001\260\036\343\000c}{section.7}% 71
\BOOKMARK [3][-]{subsubsection.7.2.1}{\376\377\000O\000b\000j\000e\000c\000t\000i\000v\000e\000\040\0001\000:\000\040\000G\000h\000i\000\040\000n\000h\036\255\000n\000\040\000v\000\340\000\040\000h\000i\036\303\000n\000\040\000t\000h\036\313\000\040\000c\000h\000\355\000n\000h\000\040\000x\000\341\000c\000\040\0001\0000\0000\000\045\000\040\000s\036\321\000\040\000p\000h\000i\000\352\000n\000\040\000P\000o\000m\000o\000d\000o\000r\000o\000,\000\040\000t\036\325\000n\000g\000\040\000s\036\321\000\040\000p\000h\000\372\000t\000\040\000t\036\255\000p\000\040\000t\000r\000u\000n\000g\000\040\000v\000\340\000\040\001\021\000i\036\303\000m\000\040\001\021\000\341\000n\000h\000\040\000g\000i\000\341\000\040\000t\000h\000u\000y\036\277\000t\000\040\000t\000r\000\354\000n\000h}{subsection.7.2}% 72
\BOOKMARK [3][-]{subsubsection.7.2.2}{\376\377\000O\000b\000j\000e\000c\000t\000i\000v\000e\000\040\0002\000:\000\040\000P\000h\000\342\000n\000\040\000t\000\355\000c\000h\000\040\000v\000\340\000\040\000t\036\241\000o\000\040\000b\000\341\000o\000\040\000c\000\341\000o\000\040\000s\000a\000u\000\040\000m\036\327\000i\000\040\000p\000h\000i\000\352\000n\000\040\000n\000g\036\347\000\040\000v\036\301\000\040\000t\000h\036\335\000i\000\040\000l\001\260\036\343\000n\000g\000,\000\040\001\021\000i\036\303\000m\000\040\000n\000g\036\347\000,\000\040\000b\000\341\000o\000\040\000t\000h\036\351\000c\000\040\000v\000\340\000\040\000m\000\364\000i\000\040\000t\000r\001\260\036\335\000n\000g}{subsection.7.2}% 73
\BOOKMARK [3][-]{subsubsection.7.2.3}{\376\377\000O\000b\000j\000e\000c\000t\000i\000v\000e\000\040\0003\000:\000\040\001\020\036\323\000n\000g\000\040\000b\036\331\000\040\000v\000\340\000\040\000c\036\255\000p\000\040\000n\000h\036\255\000t\000\040\000d\000a\000s\000h\000b\000o\000a\000r\000d\000\040\000t\000r\000o\000n\000g\000\040\000v\000\362\000n\000g\000\040\0006\0000\000\040\000g\000i\000\342\000y\000\040\000s\000a\000u\000\040\000m\036\327\000i\000\040\000p\000h\000i\000\352\000n}{subsection.7.2}% 74
\BOOKMARK [2][-]{subsection.7.3}{\376\377\000T\000r\036\243\000i\000\040\000n\000g\000h\000i\036\307\000m\000\040\000n\000g\001\260\036\335\000i\000\040\000d\000\371\000n\000g}{section.7}% 75
\BOOKMARK [2][-]{subsection.7.4}{\376\377\000G\000i\000\341\000\040\000t\000r\036\313\000\040\000k\000i\036\277\000n\000\040\000t\000r\000\372\000c\000\040\000v\000\340\000\040\000p\000h\036\247\000n\000\040\000c\036\351\000n\000g}{section.7}% 76
\BOOKMARK [2][-]{subsection.7.5}{\376\377\000G\000i\036\333\000i\000\040\000h\036\241\000n}{section.7}% 77
\BOOKMARK [2][-]{subsection.7.6}{\376\377\000H\001\260\036\333\000n\000g\000\040\000p\000h\000\341\000t\000\040\000t\000r\000i\036\303\000n}{section.7}% 78
\BOOKMARK [2][-]{subsection.7.7}{\376\377\000K\036\277\000t\000\040\000l\000u\036\255\000n}{section.7}% 79
\BOOKMARK [1][-]{section.8}{\376\377\000P\000h\036\345\000\040\000l\036\345\000c\000\040\000v\000\340\000\040\000T\000\340\000i\000\040\000l\000i\036\307\000u\000\040\000t\000h\000a\000m\000\040\000k\000h\036\243\000o}{}% 80
\BOOKMARK [2][-]{subsection.8.1}{\376\377\000T\000h\000u\036\255\000t\000\040\000n\000g\036\357\000\040\000c\000h\000\355\000n\000h}{section.8}% 81
\BOOKMARK [2][-]{subsection.8.2}{\376\377\000T\000\363\000m\000\040\000t\036\257\000t\000\040\000l\000u\036\323\000n\000g\000\040\000m\000\340\000n\000\040\000h\000\354\000n\000h}{section.8}% 82
\BOOKMARK [2][-]{subsection.8.3}{\376\377\000T\000\363\000m\000\040\000t\036\257\000t\000\040\000d\000a\000s\000h\000b\000o\000a\000r\000d}{section.8}% 83
\BOOKMARK [2][-]{subsection.8.4}{\376\377\000B\036\243\000n\000g\000\040\000t\000h\000a\000m\000\040\000c\000h\000i\036\277\000u\000\040\000p\000h\036\247\000n\000\040\000c\036\351\000n\000g}{section.8}% 84
\BOOKMARK [2][-]{subsection.8.5}{\376\377\000T\000h\000a\000m\000\040\000c\000h\000i\036\277\000u\000\040\000k\036\277\000t\000\040\000n\036\321\000i\000\040\000I\000n\000t\000e\000r\000n\000e\000t}{section.8}% 85
